{"/home/sebas/Documents/Backend-Bootcamp/proyecto_final/env.ts":{"path":"/home/sebas/Documents/Backend-Bootcamp/proyecto_final/env.ts","statementMap":{"0":{"start":{"line":2,"column":22},"end":{"line":4,"column":1}},"1":{"start":{"line":3,"column":4},"end":{"line":3,"column":62}},"2":{"start":{"line":5,"column":0},"end":{"line":5,"column":62}},"3":{"start":{"line":6,"column":14},"end":{"line":6,"column":79}},"4":{"start":{"line":7,"column":0},"end":{"line":14,"column":3}}},"fnMap":{"0":{"name":"(anonymous_0)","decl":{"start":{"line":2,"column":56},"end":{"line":2,"column":57}},"loc":{"start":{"line":2,"column":71},"end":{"line":4,"column":1}},"line":2}},"branchMap":{"0":{"loc":{"start":{"line":2,"column":22},"end":{"line":4,"column":1}},"type":"binary-expr","locations":[{"start":{"line":2,"column":23},"end":{"line":2,"column":27}},{"start":{"line":2,"column":31},"end":{"line":2,"column":51}},{"start":{"line":2,"column":56},"end":{"line":4,"column":1}}],"line":2},"1":{"loc":{"start":{"line":3,"column":11},"end":{"line":3,"column":61}},"type":"cond-expr","locations":[{"start":{"line":3,"column":37},"end":{"line":3,"column":40}},{"start":{"line":3,"column":43},"end":{"line":3,"column":61}}],"line":3},"2":{"loc":{"start":{"line":3,"column":12},"end":{"line":3,"column":33}},"type":"binary-expr","locations":[{"start":{"line":3,"column":12},"end":{"line":3,"column":15}},{"start":{"line":3,"column":19},"end":{"line":3,"column":33}}],"line":3}},"s":{"0":1,"1":1,"2":1,"3":1,"4":1},"f":{"0":1},"b":{"0":[1,1,1],"1":[0,1],"2":[1,1]},"inputSourceMap":{"version":3,"file":"env.js","sourceRoot":"","sources":["env.ts"],"names":[],"mappings":";;;;;AAcA,gFAAsC;AAEtC,kBAAe,aAAG,CAAC,KAAK,CAAC;IACxB,IAAI,EAAE,aAAG,CAAC,MAAM,CAAC,MAAM,CAAC,EAAE,MAAM,EAAE,MAAM,EAAE,CAAC;IAC3C,IAAI,EAAE,aAAG,CAAC,MAAM,CAAC,MAAM,EAAE;IACzB,OAAO,EAAE,aAAG,CAAC,MAAM,CAAC,MAAM,EAAE;IAC5B,QAAQ,EAAE,aAAG,CAAC,MAAM,CAAC,MAAM,EAAE;IAC5B,UAAU,EAAE,aAAG,CAAC,MAAM,CAAC,IAAI,CAAC,CAAC,OAAO,CAAU,CAAC;IAChD,QAAQ,EAAE,aAAG,CAAC,MAAM,CAAC,IAAI,CAAC,CAAC,aAAa,EAAE,YAAY,EAAE,MAAM,CAAU,CAAC;CACzE,CAAC,CAAA","sourcesContent":["/*\n|--------------------------------------------------------------------------\n| Validating Environment Variables\n|--------------------------------------------------------------------------\n|\n| In this file we define the rules for validating environment variables.\n| By performing validation we ensure that your application is running in\n| a stable environment with correct configuration values.\n|\n| This file is read automatically by the framework during the boot lifecycle\n| and hence do not rename or move this file to a different location.\n|\n*/\n\nimport Env from '@ioc:Adonis/Core/Env'\n\nexport default Env.rules({\n\tHOST: Env.schema.string({ format: 'host' }),\n\tPORT: Env.schema.number(),\n\tAPP_KEY: Env.schema.string(),\n\tAPP_NAME: Env.schema.string(),\n  DRIVE_DISK: Env.schema.enum(['local'] as const),\n\tNODE_ENV: Env.schema.enum(['development', 'production', 'test'] as const),\n})\n"]},"_coverageSchema":"1a1c01bbd47fc00a2c39e90264f33305004495a9","hash":"7c250a85521d4ab76da55f9fdc26840c701bd0a7","contentHash":"80239d36d88a1559d7a41a70f634985f1c0e9ecacf0f15f39eaf2ddb93a32c94"},"/home/sebas/Documents/Backend-Bootcamp/proyecto_final/config/app.ts":{"path":"/home/sebas/Documents/Backend-Bootcamp/proyecto_final/config/app.ts","statementMap":{"0":{"start":{"line":2,"column":22},"end":{"line":4,"column":1}},"1":{"start":{"line":3,"column":4},"end":{"line":3,"column":62}},"2":{"start":{"line":5,"column":0},"end":{"line":5,"column":62}},"3":{"start":{"line":6,"column":0},"end":{"line":6,"column":95}},"4":{"start":{"line":7,"column":21},"end":{"line":7,"column":59}},"5":{"start":{"line":8,"column":14},"end":{"line":8,"column":79}},"6":{"start":{"line":9,"column":0},"end":{"line":9,"column":46}},"7":{"start":{"line":10,"column":0},"end":{"line":26,"column":2}},"8":{"start":{"line":27,"column":0},"end":{"line":32,"column":2}},"9":{"start":{"line":33,"column":0},"end":{"line":37,"column":2}},"10":{"start":{"line":38,"column":0},"end":{"line":38,"column":23}}},"fnMap":{"0":{"name":"(anonymous_0)","decl":{"start":{"line":2,"column":56},"end":{"line":2,"column":57}},"loc":{"start":{"line":2,"column":71},"end":{"line":4,"column":1}},"line":2}},"branchMap":{"0":{"loc":{"start":{"line":2,"column":22},"end":{"line":4,"column":1}},"type":"binary-expr","locations":[{"start":{"line":2,"column":23},"end":{"line":2,"column":27}},{"start":{"line":2,"column":31},"end":{"line":2,"column":51}},{"start":{"line":2,"column":56},"end":{"line":4,"column":1}}],"line":2},"1":{"loc":{"start":{"line":3,"column":11},"end":{"line":3,"column":61}},"type":"cond-expr","locations":[{"start":{"line":3,"column":37},"end":{"line":3,"column":40}},{"start":{"line":3,"column":43},"end":{"line":3,"column":61}}],"line":3},"2":{"loc":{"start":{"line":3,"column":12},"end":{"line":3,"column":33}},"type":"binary-expr","locations":[{"start":{"line":3,"column":12},"end":{"line":3,"column":15}},{"start":{"line":3,"column":19},"end":{"line":3,"column":33}}],"line":3}},"s":{"0":1,"1":2,"2":1,"3":1,"4":1,"5":1,"6":1,"7":1,"8":1,"9":1,"10":1},"f":{"0":2},"b":{"0":[1,1,1],"1":[0,2],"2":[2,2]},"inputSourceMap":{"version":3,"file":"app.js","sourceRoot":"","sources":["app.ts"],"names":[],"mappings":";;;;;;AAOA,4DAAkC;AAClC,gFAAsC;AAmBzB,QAAA,MAAM,GAAW,aAAG,CAAC,GAAG,CAAC,SAAS,CAAC,CAAA;AAWnC,QAAA,IAAI,GAAiB;IAYhC,mBAAmB,EAAE,KAAK;IAO1B,eAAe,EAAE,CAAC;IAWlB,iBAAiB,EAAE,KAAK;IAWxB,UAAU,EAAE,oBAAS,CAAC,OAAO,CAAC,UAAU,CAAC;IAUzC,IAAI,EAAE,KAAK;IAOX,iBAAiB,EAAE,UAAU;IAO7B,MAAM,EAAE;QACN,MAAM,EAAE,EAAE;QACV,IAAI,EAAE,GAAG;QACT,MAAM,EAAE,IAAI;QACZ,QAAQ,EAAE,IAAI;QACd,MAAM,EAAE,KAAK;QACb,QAAQ,EAAE,KAAK;KAChB;IAkBD,yBAAyB,EAAE,kBAAkB;CAC9C,CAAA;AAOY,QAAA,MAAM,GAAiB;IAalC,IAAI,EAAE,aAAG,CAAC,GAAG,CAAC,UAAU,CAAC;IAUzB,OAAO,EAAE,IAAI;IAYb,KAAK,EAAE,aAAG,CAAC,GAAG,CAAC,WAAW,EAAE,MAAM,CAAC;IAWnC,WAAW,EAAE,aAAG,CAAC,GAAG,CAAC,UAAU,CAAC,KAAK,aAAa;CACnD,CAAA;AAOY,QAAA,QAAQ,GAAmB;IAStC,OAAO,EAAE,IAAI;IAWb,SAAS,EAAE,EAAE;IAWb,SAAS,EAAE,EAAE;CACd,CAAA;AAWY,QAAA,SAAS,GAAoB,EACzC,CAAA","sourcesContent":["/**\n * Config source: https://git.io/JfefZ\n *\n * Feel free to let us know via PR, if you find something broken in this config\n * file.\n */\n\nimport proxyAddr from 'proxy-addr'\nimport Env from '@ioc:Adonis/Core/Env'\nimport type { ServerConfig } from '@ioc:Adonis/Core/Server'\nimport type { LoggerConfig } from '@ioc:Adonis/Core/Logger'\nimport type { ProfilerConfig } from '@ioc:Adonis/Core/Profiler'\nimport type { ValidatorConfig } from '@ioc:Adonis/Core/Validator'\n\n/*\n|--------------------------------------------------------------------------\n| Application secret key\n|--------------------------------------------------------------------------\n|\n| The secret to encrypt and sign different values in your application.\n| Make sure to keep the `APP_KEY` as an environment variable and secure.\n|\n| Note: Changing the application key for an existing app will make all\n| the cookies invalid and also the existing encrypted data will not\n| be decrypted.\n|\n*/\nexport const appKey: string = Env.get('APP_KEY')\n\n/*\n|--------------------------------------------------------------------------\n| Http server configuration\n|--------------------------------------------------------------------------\n|\n| The configuration for the HTTP(s) server. Make sure to go through all\n| the config properties to make keep server secure.\n|\n*/\nexport const http: ServerConfig = {\n  /*\n  |--------------------------------------------------------------------------\n  | Allow method spoofing\n  |--------------------------------------------------------------------------\n  |\n  | Method spoofing enables defining custom HTTP methods using a query string\n  | `_method`. This is usually required when you are making traditional\n  | form requests and wants to use HTTP verbs like `PUT`, `DELETE` and\n  | so on.\n  |\n  */\n  allowMethodSpoofing: false,\n\n  /*\n  |--------------------------------------------------------------------------\n  | Subdomain offset\n  |--------------------------------------------------------------------------\n  */\n  subdomainOffset: 2,\n\n  /*\n  |--------------------------------------------------------------------------\n  | Request Ids\n  |--------------------------------------------------------------------------\n  |\n  | Setting this value to `true` will generate a unique request id for each\n  | HTTP request and set it as `x-request-id` header.\n  |\n  */\n  generateRequestId: false,\n\n  /*\n  |--------------------------------------------------------------------------\n  | Trusting proxy servers\n  |--------------------------------------------------------------------------\n  |\n  | Define the proxy servers that AdonisJs must trust for reading `X-Forwarded`\n  | headers.\n  |\n  */\n  trustProxy: proxyAddr.compile('loopback'),\n\n  /*\n  |--------------------------------------------------------------------------\n  | Generating Etag\n  |--------------------------------------------------------------------------\n  |\n  | Whether or not to generate an etag for every response.\n  |\n  */\n  etag: false,\n\n  /*\n  |--------------------------------------------------------------------------\n  | JSONP Callback\n  |--------------------------------------------------------------------------\n  */\n  jsonpCallbackName: 'callback',\n\n  /*\n  |--------------------------------------------------------------------------\n  | Cookie settings\n  |--------------------------------------------------------------------------\n  */\n  cookie: {\n    domain: '',\n    path: '/',\n    maxAge: '2h',\n    httpOnly: true,\n    secure: false,\n    sameSite: false,\n  },\n\n  /*\n  |--------------------------------------------------------------------------\n  | Force Content Negotiation\n  |--------------------------------------------------------------------------\n  |\n  | The internals of the framework relies on the content negotiation to\n  | detect the best possible response type for a given HTTP request.\n  |\n  | However, it is a very common these days that API servers always wants to\n  | make response in JSON regardless of the existence of the `Accept` header.\n  |\n  | By setting `forceContentNegotiationTo = 'application/json'`, you negotiate\n  | with the server in advance to always return JSON without relying on the\n  | client to set the header explicitly.\n  |\n  */\n  forceContentNegotiationTo: 'application/json',\n}\n\n/*\n|--------------------------------------------------------------------------\n| Logger\n|--------------------------------------------------------------------------\n*/\nexport const logger: LoggerConfig = {\n  /*\n  |--------------------------------------------------------------------------\n  | Application name\n  |--------------------------------------------------------------------------\n  |\n  | The name of the application you want to add to the log. It is recommended\n  | to always have app name in every log line.\n  |\n  | The `APP_NAME` environment variable is automatically set by AdonisJS by\n  | reading the `name` property from the `package.json` file.\n  |\n  */\n  name: Env.get('APP_NAME'),\n\n  /*\n  |--------------------------------------------------------------------------\n  | Toggle logger\n  |--------------------------------------------------------------------------\n  |\n  | Enable or disable logger application wide\n  |\n  */\n  enabled: true,\n\n  /*\n  |--------------------------------------------------------------------------\n  | Logging level\n  |--------------------------------------------------------------------------\n  |\n  | The level from which you want the logger to flush logs. It is recommended\n  | to make use of the environment variable, so that you can define log levels\n  | at deployment level and not code level.\n  |\n  */\n  level: Env.get('LOG_LEVEL', 'info'),\n\n  /*\n  |--------------------------------------------------------------------------\n  | Pretty print\n  |--------------------------------------------------------------------------\n  |\n  | It is highly advised NOT to use `prettyPrint` in production, since it\n  | can have huge impact on performance.\n  |\n  */\n  prettyPrint: Env.get('NODE_ENV') === 'development',\n}\n\n/*\n|--------------------------------------------------------------------------\n| Profiler\n|--------------------------------------------------------------------------\n*/\nexport const profiler: ProfilerConfig = {\n  /*\n  |--------------------------------------------------------------------------\n  | Toggle profiler\n  |--------------------------------------------------------------------------\n  |\n  | Enable or disable profiler\n  |\n  */\n  enabled: true,\n\n  /*\n  |--------------------------------------------------------------------------\n  | Blacklist actions/row labels\n  |--------------------------------------------------------------------------\n  |\n  | Define an array of actions or row labels that you want to disable from\n  | getting profiled.\n  |\n  */\n  blacklist: [],\n\n  /*\n  |--------------------------------------------------------------------------\n  | Whitelist actions/row labels\n  |--------------------------------------------------------------------------\n  |\n  | Define an array of actions or row labels that you want to whitelist for\n  | the profiler. When whitelist is defined, then `blacklist` is ignored.\n  |\n  */\n  whitelist: [],\n}\n\n/*\n|--------------------------------------------------------------------------\n| Validator\n|--------------------------------------------------------------------------\n|\n| Configure the global configuration for the validator. Here's the reference\n| to the default config https://git.io/JT0WE\n|\n*/\nexport const validator: ValidatorConfig = {\n}\n"]},"_coverageSchema":"1a1c01bbd47fc00a2c39e90264f33305004495a9","hash":"208b18d87aef14366be6110c678e9c3548bff456","contentHash":"89f869aaf40c5cd7c97d37fb6ea015bb5ef1cff74a59fd28856bee076ed63f1a"},"/home/sebas/Documents/Backend-Bootcamp/proyecto_final/config/bodyparser.ts":{"path":"/home/sebas/Documents/Backend-Bootcamp/proyecto_final/config/bodyparser.ts","statementMap":{"0":{"start":{"line":2,"column":0},"end":{"line":2,"column":62}},"1":{"start":{"line":3,"column":25},"end":{"line":44,"column":1}},"2":{"start":{"line":45,"column":0},"end":{"line":45,"column":35}}},"fnMap":{},"branchMap":{},"s":{"0":1,"1":1,"2":1},"f":{},"b":{},"inputSourceMap":{"version":3,"file":"bodyparser.js","sourceRoot":"","sources":["bodyparser.ts"],"names":[],"mappings":";;AASA,MAAM,gBAAgB,GAAqB;IAUzC,kBAAkB,EAAE,CAAC,MAAM,EAAE,KAAK,EAAE,OAAO,EAAE,QAAQ,CAAC;IAWtD,IAAI,EAAE;QACJ,QAAQ,EAAE,OAAO;QACjB,KAAK,EAAE,KAAK;QACZ,MAAM,EAAE,IAAI;QACZ,KAAK,EAAE;YACL,kBAAkB;YAClB,6BAA6B;YAC7B,0BAA0B;YAC1B,wBAAwB;SACzB;KACF;IAWD,IAAI,EAAE;QACJ,QAAQ,EAAE,OAAO;QACjB,KAAK,EAAE,KAAK;QACZ,WAAW,EAAE,EAAE;QAYf,yBAAyB,EAAE,IAAI;QAE/B,KAAK,EAAE;YACL,mCAAmC;SACpC;KACF;IAYD,GAAG,EAAE;QACH,QAAQ,EAAE,OAAO;QACjB,KAAK,EAAE,KAAK;QACZ,WAAW,EAAE,EAAE;QACf,KAAK,EAAE;YACL,QAAQ;SACT;KACF;IAWD,SAAS,EAAE;QAcT,WAAW,EAAE,IAAI;QAsBjB,eAAe,EAAE,EAAE;QAuBnB,QAAQ,EAAE,OAAO;QAYjB,yBAAyB,EAAE,IAAI;QAW/B,SAAS,EAAE,IAAI;QAWf,KAAK,EAAE,MAAM;QAUb,KAAK,EAAE;YACL,qBAAqB;SACtB;KACF;CACF,CAAA;AAED,kBAAe,gBAAgB,CAAA","sourcesContent":["/**\n * Config source: https://git.io/Jfefn\n *\n * Feel free to let us know via PR, if you find something broken in this config\n * file.\n */\n\nimport type { BodyParserConfig } from '@ioc:Adonis/Core/BodyParser'\n\nconst bodyParserConfig: BodyParserConfig = {\n  /*\n  |--------------------------------------------------------------------------\n  | White listed methods\n  |--------------------------------------------------------------------------\n  |\n  | HTTP methods for which body parsing must be performed. It is a good practice\n  | to avoid body parsing for `GET` requests.\n  |\n  */\n  whitelistedMethods: ['POST', 'PUT', 'PATCH', 'DELETE'],\n\n  /*\n  |--------------------------------------------------------------------------\n  | JSON parser settings\n  |--------------------------------------------------------------------------\n  |\n  | The settings for the JSON parser. The types defines the request content\n  | types which gets processed by the JSON parser.\n  |\n  */\n  json: {\n    encoding: 'utf-8',\n    limit: '1mb',\n    strict: true,\n    types: [\n      'application/json',\n      'application/json-patch+json',\n      'application/vnd.api+json',\n      'application/csp-report',\n    ],\n  },\n\n  /*\n  |--------------------------------------------------------------------------\n  | Form parser settings\n  |--------------------------------------------------------------------------\n  |\n  | The settings for the `application/x-www-form-urlencoded` parser. The types\n  | defines the request content types which gets processed by the form parser.\n  |\n  */\n  form: {\n    encoding: 'utf-8',\n    limit: '1mb',\n    queryString: {},\n\n    /*\n    |--------------------------------------------------------------------------\n    | Convert empty strings to null\n    |--------------------------------------------------------------------------\n    |\n    | Convert empty form fields to null. HTML forms results in field string\n    | value when the field is left blank. This option normalizes all the blank\n    | field values to \"null\"\n    |\n    */\n    convertEmptyStringsToNull: true,\n\n    types: [\n      'application/x-www-form-urlencoded',\n    ],\n  },\n\n  /*\n  |--------------------------------------------------------------------------\n  | Raw body parser settings\n  |--------------------------------------------------------------------------\n  |\n  | Raw body just reads the request body stream as a plain text, which you\n  | can process by hand. This must be used when request body type is not\n  | supported by the body parser.\n  |\n  */\n  raw: {\n    encoding: 'utf-8',\n    limit: '1mb',\n    queryString: {},\n    types: [\n      'text/*',\n    ],\n  },\n\n  /*\n  |--------------------------------------------------------------------------\n  | Multipart parser settings\n  |--------------------------------------------------------------------------\n  |\n  | The settings for the `multipart/form-data` parser. The types defines the\n  | request content types which gets processed by the form parser.\n  |\n  */\n  multipart: {\n    /*\n    |--------------------------------------------------------------------------\n    | Auto process\n    |--------------------------------------------------------------------------\n    |\n    | The auto process option will process uploaded files and writes them to\n    | the `tmp` folder. You can turn it off and then manually use the stream\n    | to pipe stream to a different destination.\n    |\n    | It is recommended to keep `autoProcess=true`. Unless you are processing bigger\n    | file sizes.\n    |\n    */\n    autoProcess: true,\n\n    /*\n    |--------------------------------------------------------------------------\n    | Files to be processed manually\n    |--------------------------------------------------------------------------\n    |\n    | You can turn off `autoProcess` for certain routes by defining\n    | routes inside the following array.\n    |\n    | NOTE: Make sure the route pattern starts with a leading slash.\n    |\n    | Correct\n    | ```js\n    | /projects/:id/file\n    | ```\n    |\n    | Incorrect\n    | ```js\n    | projects/:id/file\n    | ```\n    */\n    processManually: [],\n\n    /*\n    |--------------------------------------------------------------------------\n    | Temporary file name\n    |--------------------------------------------------------------------------\n    |\n    | When auto processing is on. We will use this method to compute the temporary\n    | file name. AdonisJs will compute a unique `tmpPath` for you automatically,\n    | However, you can also define your own custom method.\n    |\n    */\n    // tmpFileName () {\n    // },\n\n    /*\n    |--------------------------------------------------------------------------\n    | Encoding\n    |--------------------------------------------------------------------------\n    |\n    | Request body encoding\n    |\n    */\n    encoding: 'utf-8',\n\n    /*\n    |--------------------------------------------------------------------------\n    | Convert empty strings to null\n    |--------------------------------------------------------------------------\n    |\n    | Convert empty form fields to null. HTML forms results in field string\n    | value when the field is left blank. This option normalizes all the blank\n    | field values to \"null\"\n    |\n    */\n    convertEmptyStringsToNull: true,\n\n    /*\n    |--------------------------------------------------------------------------\n    | Max Fields\n    |--------------------------------------------------------------------------\n    |\n    | The maximum number of fields allowed in the request body. The field includes\n    | text inputs and files both.\n    |\n    */\n    maxFields: 1000,\n\n    /*\n    |--------------------------------------------------------------------------\n    | Request body limit\n    |--------------------------------------------------------------------------\n    |\n    | The total limit to the multipart body. This includes all request files\n    | and fields data.\n    |\n    */\n    limit: '20mb',\n\n    /*\n    |--------------------------------------------------------------------------\n    | Types\n    |--------------------------------------------------------------------------\n    |\n    | The types that will be considered and parsed as multipart body.\n    |\n    */\n    types: [\n      'multipart/form-data',\n    ],\n  },\n}\n\nexport default bodyParserConfig\n"]},"_coverageSchema":"1a1c01bbd47fc00a2c39e90264f33305004495a9","hash":"d9874c2f317c22a01e24ab13d54fb9cc7581d8cc","contentHash":"0463c932f2829776c242706882b7daa636e119837dd1290ccde575434082cef3"},"/home/sebas/Documents/Backend-Bootcamp/proyecto_final/config/cors.ts":{"path":"/home/sebas/Documents/Backend-Bootcamp/proyecto_final/config/cors.ts","statementMap":{"0":{"start":{"line":2,"column":0},"end":{"line":2,"column":62}},"1":{"start":{"line":3,"column":19},"end":{"line":18,"column":1}},"2":{"start":{"line":19,"column":0},"end":{"line":19,"column":29}}},"fnMap":{},"branchMap":{},"s":{"0":1,"1":1,"2":1},"f":{},"b":{},"inputSourceMap":{"version":3,"file":"cors.js","sourceRoot":"","sources":["cors.ts"],"names":[],"mappings":";;AASA,MAAM,UAAU,GAAe;IAa7B,OAAO,EAAE,KAAK;IAwBd,MAAM,EAAE,IAAI;IAYZ,OAAO,EAAE,CAAC,KAAK,EAAE,MAAM,EAAE,MAAM,EAAE,KAAK,EAAE,QAAQ,CAAC;IAmBjD,OAAO,EAAE,IAAI;IAsBb,aAAa,EAAE;QACb,eAAe;QACf,kBAAkB;QAClB,cAAc;QACd,SAAS;QACT,eAAe;QACf,QAAQ;KACT;IAaD,WAAW,EAAE,IAAI;IAWjB,MAAM,EAAE,EAAE;CACX,CAAA;AAED,kBAAe,UAAU,CAAA","sourcesContent":["/**\n * Config source: https://git.io/JfefC\n *\n * Feel free to let us know via PR, if you find something broken in this config\n * file.\n */\n\nimport type { CorsConfig } from '@ioc:Adonis/Core/Cors'\n\nconst corsConfig: CorsConfig = {\n  /*\n  |--------------------------------------------------------------------------\n  | Enabled\n  |--------------------------------------------------------------------------\n  |\n  | A boolean to enable or disable CORS integration from your AdonisJs\n  | application.\n  |\n  | Setting the value to `true` will enable the CORS for all HTTP request. However,\n  | you can define a function to enable/disable it on per request basis as well.\n  |\n  */\n  enabled: false,\n\n  // You can also use a function that return true or false.\n  // enabled: (request) => request.url().startsWith('/api')\n\n  /*\n  |--------------------------------------------------------------------------\n  | Origin\n  |--------------------------------------------------------------------------\n  |\n  | Set a list of origins to be allowed for `Access-Control-Allow-Origin`.\n  | The value can be one of the following:\n  |\n  | https://developer.mozilla.org/en-US/docs/Web/HTTP/Headers/Access-Control-Allow-Origin\n  |\n  | Boolean (true)    - Allow current request origin.\n  | Boolean (false)   - Disallow all.\n  | String            - Comma separated list of allowed origins.\n  | Array             - An array of allowed origins.\n  | String (*)        - A wildcard (*) to allow all request origins.\n  | Function          - Receives the current origin string and should return\n  |                     one of the above values.\n  |\n  */\n  origin: true,\n\n  /*\n  |--------------------------------------------------------------------------\n  | Methods\n  |--------------------------------------------------------------------------\n  |\n  | An array of allowed HTTP methods for CORS. The `Access-Control-Request-Method`\n  | is checked against the following list.\n  |\n  | Following is the list of default methods. Feel free to add more.\n  */\n  methods: ['GET', 'HEAD', 'POST', 'PUT', 'DELETE'],\n\n  /*\n  |--------------------------------------------------------------------------\n  | Headers\n  |--------------------------------------------------------------------------\n  |\n  | List of headers to be allowed for `Access-Control-Allow-Headers` header.\n  | The value can be one of the following:\n  |\n  | https://developer.mozilla.org/en-US/docs/Web/HTTP/Headers/Access-Control-Request-Headers\n  |\n  | Boolean(true)     - Allow all headers mentioned in `Access-Control-Request-Headers`.\n  | Boolean(false)    - Disallow all headers.\n  | String            - Comma separated list of allowed headers.\n  | Array             - An array of allowed headers.\n  | Function          - Receives the current header and should return one of the above values.\n  |\n  */\n  headers: true,\n\n  /*\n  |--------------------------------------------------------------------------\n  | Expose Headers\n  |--------------------------------------------------------------------------\n  |\n  | A list of headers to be exposed by setting `Access-Control-Expose-Headers`.\n  | header. By default following 6 simple response headers are exposed.\n  |\n  | Cache-Control\n  | Content-Language\n  | Content-Type\n  | Expires\n  | Last-Modified\n  | Pragma\n  |\n  | In order to add more headers, simply define them inside the following array.\n  |\n  | https://developer.mozilla.org/en-US/docs/Web/HTTP/Headers/Access-Control-Expose-Headers\n  |\n  */\n  exposeHeaders: [\n    'cache-control',\n    'content-language',\n    'content-type',\n    'expires',\n    'last-modified',\n    'pragma',\n  ],\n\n  /*\n  |--------------------------------------------------------------------------\n  | Credentials\n  |--------------------------------------------------------------------------\n  |\n  | Toggle `Access-Control-Allow-Credentials` header. If value is set to `true`,\n  | then header will be set, otherwise not.\n  |\n  | https://developer.mozilla.org/en-US/docs/Web/HTTP/Headers/Access-Control-Allow-Credentials\n  |\n  */\n  credentials: true,\n\n  /*\n  |--------------------------------------------------------------------------\n  | MaxAge\n  |--------------------------------------------------------------------------\n  |\n  | Define `Access-Control-Max-Age` header in seconds.\n  | https://developer.mozilla.org/en-US/docs/Web/HTTP/Headers/Access-Control-Max-Age\n  |\n  */\n  maxAge: 90,\n}\n\nexport default corsConfig\n"]},"_coverageSchema":"1a1c01bbd47fc00a2c39e90264f33305004495a9","hash":"9fe3c0b038e0211858ff0dafe4d08b8d9c6ed1e2","contentHash":"7b2eaf28d8770c64cbfb2060d227865dcfefcc244a49dadc278ada7ac0fb9737"},"/home/sebas/Documents/Backend-Bootcamp/proyecto_final/config/database.ts":{"path":"/home/sebas/Documents/Backend-Bootcamp/proyecto_final/config/database.ts","statementMap":{"0":{"start":{"line":2,"column":22},"end":{"line":4,"column":1}},"1":{"start":{"line":3,"column":4},"end":{"line":3,"column":62}},"2":{"start":{"line":5,"column":0},"end":{"line":5,"column":62}},"3":{"start":{"line":6,"column":14},"end":{"line":6,"column":79}},"4":{"start":{"line":7,"column":23},"end":{"line":24,"column":1}},"5":{"start":{"line":25,"column":0},"end":{"line":25,"column":33}}},"fnMap":{"0":{"name":"(anonymous_0)","decl":{"start":{"line":2,"column":56},"end":{"line":2,"column":57}},"loc":{"start":{"line":2,"column":71},"end":{"line":4,"column":1}},"line":2}},"branchMap":{"0":{"loc":{"start":{"line":2,"column":22},"end":{"line":4,"column":1}},"type":"binary-expr","locations":[{"start":{"line":2,"column":23},"end":{"line":2,"column":27}},{"start":{"line":2,"column":31},"end":{"line":2,"column":51}},{"start":{"line":2,"column":56},"end":{"line":4,"column":1}}],"line":2},"1":{"loc":{"start":{"line":3,"column":11},"end":{"line":3,"column":61}},"type":"cond-expr","locations":[{"start":{"line":3,"column":37},"end":{"line":3,"column":40}},{"start":{"line":3,"column":43},"end":{"line":3,"column":61}}],"line":3},"2":{"loc":{"start":{"line":3,"column":12},"end":{"line":3,"column":33}},"type":"binary-expr","locations":[{"start":{"line":3,"column":12},"end":{"line":3,"column":15}},{"start":{"line":3,"column":19},"end":{"line":3,"column":33}}],"line":3}},"s":{"0":1,"1":1,"2":1,"3":1,"4":1,"5":1},"f":{"0":1},"b":{"0":[1,1,1],"1":[0,1],"2":[1,1]},"inputSourceMap":{"version":3,"file":"database.js","sourceRoot":"","sources":["database.ts"],"names":[],"mappings":";;;;;AAOA,gFAAsC;AAItC,MAAM,cAAc,GAAiD;IAWnE,UAAU,EAAE,aAAG,CAAC,GAAG,CAAC,eAAe,CAAC;IAEpC,WAAW,EAAE;QAYX,EAAE,EAAE;YACF,MAAM,EAAE,IAAI;YACZ,UAAU,EAAE;gBACV,IAAI,EAAE,aAAG,CAAC,GAAG,CAAC,SAAS,CAAC;gBACxB,IAAI,EAAE,aAAG,CAAC,GAAG,CAAC,SAAS,CAAC;gBACxB,IAAI,EAAE,aAAG,CAAC,GAAG,CAAC,SAAS,CAAC;gBACxB,QAAQ,EAAE,aAAG,CAAC,GAAG,CAAC,aAAa,EAAE,EAAE,CAAC;gBACpC,QAAQ,EAAE,aAAG,CAAC,GAAG,CAAC,YAAY,CAAC;aAChC;YACD,WAAW,EAAE,KAAK;YACrB,KAAK,EAAE,KAAK;SACV;KAEF;IAcD,GAAG,EAAE,EACJ;CACF,CAAA;AAED,kBAAe,cAAc,CAAA","sourcesContent":["/**\n * Config source: https://git.io/JesV9\n *\n * Feel free to let us know via PR, if you find something broken in this config\n * file.\n */\n\nimport Env from '@ioc:Adonis/Core/Env'\nimport { OrmConfig } from '@ioc:Adonis/Lucid/Orm'\nimport { DatabaseConfig } from '@ioc:Adonis/Lucid/Database'\n\nconst databaseConfig: DatabaseConfig & { orm: Partial<OrmConfig> } = {\n  /*\n  |--------------------------------------------------------------------------\n  | Connection\n  |--------------------------------------------------------------------------\n  |\n  | The primary connection for making database queries across the application\n  | You can use any key from the `connections` object defined in this same\n  | file.\n  |\n  */\n  connection: Env.get('DB_CONNECTION'),\n\n  connections: {\n    /*\n    |--------------------------------------------------------------------------\n    | PostgreSQL config\n    |--------------------------------------------------------------------------\n    |\n    | Configuration for PostgreSQL database. Make sure to install the driver\n    | from npm when using this connection\n    |\n    | npm i pg\n    |\n    */\n    pg: {\n      client: 'pg',\n      connection: {\n        host: Env.get('PG_HOST'),\n        port: Env.get('PG_PORT'),\n        user: Env.get('PG_USER'),\n        password: Env.get('PG_PASSWORD', ''),\n        database: Env.get('PG_DB_NAME'),\n      },\n      healthCheck: false,\n\t\t\tdebug: false,\n    },\n\n  },\n\n  /*\n  |--------------------------------------------------------------------------\n  | ORM Configuration\n  |--------------------------------------------------------------------------\n  |\n  | Following are some of the configuration options to tweak the conventional\n  | settings of the ORM. For example:\n  |\n  | - Define a custom function to compute the default table name for a given model.\n  | - Or define a custom function to compute the primary key for a given model.\n  |\n  */\n  orm: {\n  },\n}\n\nexport default databaseConfig\n"]},"_coverageSchema":"1a1c01bbd47fc00a2c39e90264f33305004495a9","hash":"d04d0a56ffd7b84486ab018fb8b3114a3808ad63","contentHash":"e6e758418e7aa594dedfc97ed6a2710898fbd3af9bde61739bf1ab60efbf0158"},"/home/sebas/Documents/Backend-Bootcamp/proyecto_final/config/drive.ts":{"path":"/home/sebas/Documents/Backend-Bootcamp/proyecto_final/config/drive.ts","statementMap":{"0":{"start":{"line":2,"column":22},"end":{"line":4,"column":1}},"1":{"start":{"line":3,"column":4},"end":{"line":3,"column":62}},"2":{"start":{"line":5,"column":0},"end":{"line":5,"column":62}},"3":{"start":{"line":6,"column":14},"end":{"line":6,"column":79}},"4":{"start":{"line":7,"column":17},"end":{"line":7,"column":55}},"5":{"start":{"line":8,"column":22},"end":{"line":8,"column":95}},"6":{"start":{"line":9,"column":0},"end":{"line":20,"column":3}}},"fnMap":{"0":{"name":"(anonymous_0)","decl":{"start":{"line":2,"column":56},"end":{"line":2,"column":57}},"loc":{"start":{"line":2,"column":71},"end":{"line":4,"column":1}},"line":2}},"branchMap":{"0":{"loc":{"start":{"line":2,"column":22},"end":{"line":4,"column":1}},"type":"binary-expr","locations":[{"start":{"line":2,"column":23},"end":{"line":2,"column":27}},{"start":{"line":2,"column":31},"end":{"line":2,"column":51}},{"start":{"line":2,"column":56},"end":{"line":4,"column":1}}],"line":2},"1":{"loc":{"start":{"line":3,"column":11},"end":{"line":3,"column":61}},"type":"cond-expr","locations":[{"start":{"line":3,"column":37},"end":{"line":3,"column":40}},{"start":{"line":3,"column":43},"end":{"line":3,"column":61}}],"line":3},"2":{"loc":{"start":{"line":3,"column":12},"end":{"line":3,"column":33}},"type":"binary-expr","locations":[{"start":{"line":3,"column":12},"end":{"line":3,"column":15}},{"start":{"line":3,"column":19},"end":{"line":3,"column":33}}],"line":3}},"s":{"0":1,"1":2,"2":1,"3":1,"4":1,"5":1,"6":1},"f":{"0":2},"b":{"0":[1,1,1],"1":[0,2],"2":[2,2]},"inputSourceMap":{"version":3,"file":"drive.js","sourceRoot":"","sources":["drive.ts"],"names":[],"mappings":";;;;;AAOA,gFAAsC;AACtC,wDAAyD;AACzD,gGAAsD;AAWtD,kBAAe,IAAA,oBAAW,EAAC;IAUzB,IAAI,EAAE,aAAG,CAAC,GAAG,CAAC,YAAY,CAAC;IAE3B,KAAK,EAAE;QAUL,KAAK,EAAE;YACL,MAAM,EAAE,OAAO;YACf,UAAU,EAAE,QAAQ;YAWpB,IAAI,EAAE,qBAAW,CAAC,OAAO,CAAC,SAAS,CAAC;YAYpC,UAAU,EAAE,IAAI;YAYhB,QAAQ,EAAE,UAAU;SACrB;KAmEF;CACF,CAAC,CAAA","sourcesContent":["/**\n * Config source: https://git.io/JBt3o\n *\n * Feel free to let us know via PR, if you find something broken in this config\n * file.\n */\n\nimport Env from '@ioc:Adonis/Core/Env'\nimport { driveConfig } from '@adonisjs/core/build/config'\nimport Application from '@ioc:Adonis/Core/Application'\n\n/*\n|--------------------------------------------------------------------------\n| Drive Config\n|--------------------------------------------------------------------------\n|\n| The `DriveConfig` relies on the `DisksList` interface which is\n| defined inside the `contracts` directory.\n|\n*/\nexport default driveConfig({\n  /*\n  |--------------------------------------------------------------------------\n  | Default disk\n  |--------------------------------------------------------------------------\n  |\n  | The default disk to use for managing file uploads. The value is driven by\n  | the `DRIVE_DISK` environment variable.\n  |\n  */\n  disk: Env.get('DRIVE_DISK'),\n\n  disks: {\n    /*\n    |--------------------------------------------------------------------------\n    | Local\n    |--------------------------------------------------------------------------\n    |\n    | Uses the local file system to manage files. Make sure to turn off serving\n    | files when not using this disk.\n    |\n    */\n    local: {\n      driver: 'local',\n      visibility: 'public',\n\n      /*\n      |--------------------------------------------------------------------------\n      | Storage root - Local driver only\n      |--------------------------------------------------------------------------\n      |\n      | Define an absolute path to the storage directory from where to read the\n      | files.\n      |\n      */\n      root: Application.tmpPath('uploads'),\n\n      /*\n      |--------------------------------------------------------------------------\n      | Serve files - Local driver only\n      |--------------------------------------------------------------------------\n      |\n      | When this is set to true, AdonisJS will configure a files server to serve\n      | files from the disk root. This is done to mimic the behavior of cloud\n      | storage services that has inbuilt capabilities to serve files.\n      |\n      */\n      serveFiles: true,\n\n      /*\n      |--------------------------------------------------------------------------\n      | Base path - Local driver only\n      |--------------------------------------------------------------------------\n      |\n      | Base path is always required when \"serveFiles = true\". Also make sure\n      | the `basePath` is unique across all the disks using \"local\" driver and\n      | you are not registering routes with this prefix.\n      |\n      */\n      basePath: '/uploads',\n    },\n\n    /*\n    |--------------------------------------------------------------------------\n    | S3 Driver\n    |--------------------------------------------------------------------------\n    |\n    | Uses the S3 cloud storage to manage files. Make sure to install the s3\n    | drive separately when using it.\n    |\n    |**************************************************************************\n    | npm i @adonisjs/drive-s3\n    |**************************************************************************\n    |\n    */\n    // s3: {\n    //   driver: 's3',\n    //   visibility: 'public',\n    //   key: Env.get('S3_KEY'),\n    //   secret: Env.get('S3_SECRET'),\n    //   region: Env.get('S3_REGION'),\n    //   bucket: Env.get('S3_BUCKET'),\n    //   endpoint: Env.get('S3_ENDPOINT'),\n    //\n    //  // For minio to work\n    //  // forcePathStyle: true,\n    // },\n\n    /*\n    |--------------------------------------------------------------------------\n    | GCS Driver\n    |--------------------------------------------------------------------------\n    |\n    | Uses the Google cloud storage to manage files. Make sure to install the GCS\n    | drive separately when using it.\n    |\n    |**************************************************************************\n    | npm i @adonisjs/drive-gcs\n    |**************************************************************************\n    |\n    */\n    // gcs: {\n    //   driver: 'gcs',\n    //   visibility: 'public',\n    //   keyFilename: Env.get('GCS_KEY_FILENAME'),\n    //   bucket: Env.get('GCS_BUCKET'),\n\n      /*\n      |--------------------------------------------------------------------------\n      | Uniform ACL - Google cloud storage only\n      |--------------------------------------------------------------------------\n      |\n      | When using the Uniform ACL on the bucket, the \"visibility\" option is\n      | ignored. Since, the files ACL is managed by the google bucket policies\n      | directly.\n      |\n      |**************************************************************************\n      | Learn more: https://cloud.google.com/storage/docs/uniform-bucket-level-access\n      |**************************************************************************\n      |\n      | The following option just informs drive whether your bucket is using uniform\n      | ACL or not. The actual setting needs to be toggled within the Google cloud\n      | console.\n      |\n      */\n    //   usingUniformAcl: false,\n    // },\n  },\n})\n"]},"_coverageSchema":"1a1c01bbd47fc00a2c39e90264f33305004495a9","hash":"afbd0cdd29778c86bf4f295f30fe694db1d96366","contentHash":"15b00ae36548b698ec26ecd26fd4e62fa1c82cc5bc09ddbef250f3846d76a00d"},"/home/sebas/Documents/Backend-Bootcamp/proyecto_final/config/hash.ts":{"path":"/home/sebas/Documents/Backend-Bootcamp/proyecto_final/config/hash.ts","statementMap":{"0":{"start":{"line":2,"column":22},"end":{"line":4,"column":1}},"1":{"start":{"line":3,"column":4},"end":{"line":3,"column":62}},"2":{"start":{"line":5,"column":0},"end":{"line":5,"column":62}},"3":{"start":{"line":6,"column":14},"end":{"line":6,"column":79}},"4":{"start":{"line":7,"column":17},"end":{"line":7,"column":55}},"5":{"start":{"line":8,"column":0},"end":{"line":33,"column":3}}},"fnMap":{"0":{"name":"(anonymous_0)","decl":{"start":{"line":2,"column":56},"end":{"line":2,"column":57}},"loc":{"start":{"line":2,"column":71},"end":{"line":4,"column":1}},"line":2}},"branchMap":{"0":{"loc":{"start":{"line":2,"column":22},"end":{"line":4,"column":1}},"type":"binary-expr","locations":[{"start":{"line":2,"column":23},"end":{"line":2,"column":27}},{"start":{"line":2,"column":31},"end":{"line":2,"column":51}},{"start":{"line":2,"column":56},"end":{"line":4,"column":1}}],"line":2},"1":{"loc":{"start":{"line":3,"column":11},"end":{"line":3,"column":61}},"type":"cond-expr","locations":[{"start":{"line":3,"column":37},"end":{"line":3,"column":40}},{"start":{"line":3,"column":43},"end":{"line":3,"column":61}}],"line":3},"2":{"loc":{"start":{"line":3,"column":12},"end":{"line":3,"column":33}},"type":"binary-expr","locations":[{"start":{"line":3,"column":12},"end":{"line":3,"column":15}},{"start":{"line":3,"column":19},"end":{"line":3,"column":33}}],"line":3}},"s":{"0":1,"1":1,"2":1,"3":1,"4":1,"5":1},"f":{"0":1},"b":{"0":[1,1,1],"1":[0,1],"2":[1,1]},"inputSourceMap":{"version":3,"file":"hash.js","sourceRoot":"","sources":["hash.ts"],"names":[],"mappings":";;;;;AAOA,gFAAsC;AACtC,wDAAwD;AAWxD,kBAAe,IAAA,mBAAU,EAAC;IAUxB,OAAO,EAAE,aAAG,CAAC,GAAG,CAAC,aAAa,EAAE,QAAQ,CAAC;IAEzC,IAAI,EAAE;QAcJ,MAAM,EAAE;YACN,MAAM,EAAE,QAAQ;YAChB,IAAI,EAAE,KAAK;YACX,SAAS,EAAE,CAAC;YACZ,eAAe,EAAE,CAAC;YAClB,QAAQ,EAAE,EAAE;YACZ,SAAS,EAAE,EAAE;YACb,SAAS,EAAE,EAAE,GAAG,IAAI,GAAG,IAAI;SAC5B;QAeD,KAAK,EAAE;YACL,MAAM,EAAE,QAAQ;YAChB,OAAO,EAAE,IAAI;YACb,UAAU,EAAE,CAAC;YACb,MAAM,EAAE,IAAI;YACZ,WAAW,EAAE,CAAC;YACd,QAAQ,EAAE,EAAE;SACb;QAeD,MAAM,EAAE;YACN,MAAM,EAAE,QAAQ;YAChB,MAAM,EAAE,EAAE;SACX;KACF;CACF,CAAC,CAAA","sourcesContent":["/**\n * Config source: https://git.io/JfefW\n *\n * Feel free to let us know via PR, if you find something broken in this config\n * file.\n */\n\nimport Env from '@ioc:Adonis/Core/Env'\nimport { hashConfig } from '@adonisjs/core/build/config'\n\n/*\n|--------------------------------------------------------------------------\n| Hash Config\n|--------------------------------------------------------------------------\n|\n| The `HashConfig` relies on the `HashList` interface which is\n| defined inside `contracts` directory.\n|\n*/\nexport default hashConfig({\n  /*\n  |--------------------------------------------------------------------------\n  | Default hasher\n  |--------------------------------------------------------------------------\n  |\n  | By default we make use of the argon hasher to hash values. However, feel\n  | free to change the default value\n  |\n  */\n  default: Env.get('HASH_DRIVER', 'scrypt'),\n\n  list: {\n    /*\n    |--------------------------------------------------------------------------\n    | scrypt\n    |--------------------------------------------------------------------------\n    |\n    | Scrypt mapping uses the Node.js inbuilt crypto module for creating\n    | hashes.\n    |\n    | We are using the default configuration recommended within the Node.js\n    | documentation.\n    | https://nodejs.org/api/crypto.html#cryptoscryptpassword-salt-keylen-options-callback\n    |\n    */\n    scrypt: {\n      driver: 'scrypt',\n      cost: 16384,\n      blockSize: 8,\n      parallelization: 1,\n      saltSize: 16,\n      keyLength: 64,\n      maxMemory: 32 * 1024 * 1024,\n    },\n\n    /*\n    |--------------------------------------------------------------------------\n    | Argon\n    |--------------------------------------------------------------------------\n    |\n    | Argon mapping uses the `argon2` driver to hash values.\n    |\n    | Make sure you install the underlying dependency for this driver to work.\n    | https://www.npmjs.com/package/phc-argon2.\n    |\n    | npm install phc-argon2\n    |\n    */\n    argon: {\n      driver: 'argon2',\n      variant: 'id',\n      iterations: 3,\n      memory: 4096,\n      parallelism: 1,\n      saltSize: 16,\n    },\n\n    /*\n    |--------------------------------------------------------------------------\n    | Bcrypt\n    |--------------------------------------------------------------------------\n    |\n    | Bcrypt mapping uses the `bcrypt` driver to hash values.\n    |\n    | Make sure you install the underlying dependency for this driver to work.\n    | https://www.npmjs.com/package/phc-bcrypt.\n    |\n    | npm install phc-bcrypt\n    |\n    */\n    bcrypt: {\n      driver: 'bcrypt',\n      rounds: 10,\n    },\n  },\n})\n"]},"_coverageSchema":"1a1c01bbd47fc00a2c39e90264f33305004495a9","hash":"a53863b9355d2545bfee6076a0f1358a5619b4d9","contentHash":"8861e0c190d6fc6491179b95f0a91875d00532fb7bb9aac6d8f5f0162a9029d6"},"/home/sebas/Documents/Backend-Bootcamp/proyecto_final/config/swagger.ts":{"path":"/home/sebas/Documents/Backend-Bootcamp/proyecto_final/config/swagger.ts","statementMap":{"0":{"start":{"line":2,"column":0},"end":{"line":2,"column":62}},"1":{"start":{"line":3,"column":0},"end":{"line":36,"column":2}}},"fnMap":{},"branchMap":{"0":{"loc":{"start":{"line":34,"column":10},"end":{"line":34,"column":74}},"type":"cond-expr","locations":[{"start":{"line":34,"column":50},"end":{"line":34,"column":62}},{"start":{"line":34,"column":65},"end":{"line":34,"column":74}}],"line":34}},"s":{"0":1,"1":1},"f":{},"b":{"0":[0,1]},"inputSourceMap":{"version":3,"file":"swagger.js","sourceRoot":"","sources":["swagger.ts"],"names":[],"mappings":";;AAEA,kBAAe;IACd,SAAS,EAAE,IAAI;IACf,KAAK,EAAE,MAAM;IACb,WAAW,EAAE,IAAI;IACjB,OAAO,EAAE,eAAe;IAExB,UAAU,EAAE,EAAE;IAEd,OAAO,EAAE;QACR,UAAU,EAAE;YACX,OAAO,EAAE,OAAO;YAChB,IAAI,EAAE;gBACL,KAAK,EAAE,+BAA+B;gBACtC,OAAO,EAAE,OAAO;gBAChB,WAAW,EAAE,kCAAkC;aAC/C;YACD,UAAU,EAAE;gBACX,eAAe,EAAE;oBAChB,UAAU,EAAE;wBACX,IAAI,EAAE,MAAM;wBACZ,MAAM,EAAE,QAAQ;wBAChB,YAAY,EAAE,KAAK;qBACnB;iBACD;aACD;SACD;QAED,IAAI,EAAE;YACL,aAAa;YACb,eAAe;YACf,iBAAiB;SACjB;QACD,QAAQ,EAAE,GAAG;KACb;IACD,IAAI,EAAE,OAAO,CAAC,GAAG,CAAC,QAAQ,KAAK,YAAY,CAAC,CAAC,CAAC,YAAY,CAAC,CAAC,CAAC,SAAS;IACrE,YAAY,EAAE,mBAAmB;CACjB,CAAA","sourcesContent":["import { SwaggerConfig } from '@ioc:Adonis/Addons/Swagger'\n\nexport default {\n\tuiEnabled: true, //disable or enable swaggerUi route\n\tuiUrl: 'docs', // url path to swaggerUI\n\tspecEnabled: true, //disable or enable swagger.json route\n\tspecUrl: '/swagger.json',\n\n\tmiddleware: [], // middlewares array, for protect your swagger docs and spec endpoints\n\n\toptions: {\n\t\tdefinition: {\n\t\t\topenapi: '3.0.0',\n\t\t\tinfo: {\n\t\t\t\ttitle: 'Application with swagger docs',\n\t\t\t\tversion: '1.0.0',\n\t\t\t\tdescription: 'My application with swagger docs'\n\t\t\t},\n\t\t\tcomponents: {\n\t\t\t\tsecuritySchemes: {\n\t\t\t\t\tbearerAuth: {\n\t\t\t\t\t\ttype: \"http\",\n\t\t\t\t\t\tscheme: \"bearer\",\n\t\t\t\t\t\tbearerFormat: \"JWT\"\n\t\t\t\t\t}\n\t\t\t\t}\n\t\t\t}\n\t\t},\n\n\t\tapis: [\n\t\t\t'app/**/*.ts',\n\t\t\t'docs/**/*.yml',\n\t\t\t'start/routes.ts'\n\t\t],\n\t\tbasePath: '/'\n\t},\n\tmode: process.env.NODE_ENV === 'production' ? 'PRODUCTION' : 'RUNTIME',\n  specFilePath: 'docs/swagger.json'\n} as SwaggerConfig\n"]},"_coverageSchema":"1a1c01bbd47fc00a2c39e90264f33305004495a9","hash":"1a9c099934267fb1a52ca5e6c076291cf17a3b7c","contentHash":"43ab777208a7fb05e13627c553c518a0de5bac78456e2c6fbc428c6b36f1e8b4"},"/home/sebas/Documents/Backend-Bootcamp/proyecto_final/providers/AppProvider.ts":{"path":"/home/sebas/Documents/Backend-Bootcamp/proyecto_final/providers/AppProvider.ts","statementMap":{"0":{"start":{"line":2,"column":0},"end":{"line":2,"column":62}},"1":{"start":{"line":5,"column":8},"end":{"line":5,"column":23}},"2":{"start":{"line":16,"column":0},"end":{"line":16,"column":30}}},"fnMap":{"0":{"name":"(anonymous_0)","decl":{"start":{"line":4,"column":4},"end":{"line":4,"column":5}},"loc":{"start":{"line":4,"column":21},"end":{"line":6,"column":5}},"line":4},"1":{"name":"(anonymous_1)","decl":{"start":{"line":7,"column":4},"end":{"line":7,"column":5}},"loc":{"start":{"line":7,"column":15},"end":{"line":8,"column":5}},"line":7},"2":{"name":"(anonymous_2)","decl":{"start":{"line":9,"column":4},"end":{"line":9,"column":5}},"loc":{"start":{"line":9,"column":17},"end":{"line":10,"column":5}},"line":9},"3":{"name":"(anonymous_3)","decl":{"start":{"line":11,"column":4},"end":{"line":11,"column":5}},"loc":{"start":{"line":11,"column":18},"end":{"line":12,"column":5}},"line":11},"4":{"name":"(anonymous_4)","decl":{"start":{"line":13,"column":4},"end":{"line":13,"column":5}},"loc":{"start":{"line":13,"column":21},"end":{"line":14,"column":5}},"line":13}},"branchMap":{},"s":{"0":1,"1":1,"2":1},"f":{"0":1,"1":1,"2":1,"3":1,"4":1},"b":{},"inputSourceMap":{"version":3,"file":"AppProvider.js","sourceRoot":"","sources":["AppProvider.ts"],"names":[],"mappings":";;AAEA,MAAqB,WAAW;IAC9B,YAAuB,GAAwB;QAAxB,QAAG,GAAH,GAAG,CAAqB;IAC/C,CAAC;IAEM,QAAQ;IAEf,CAAC;IAEM,KAAK,CAAC,IAAI;IAEjB,CAAC;IAEM,KAAK,CAAC,KAAK;IAElB,CAAC;IAEM,KAAK,CAAC,QAAQ;IAErB,CAAC;CACF;AAnBD,8BAmBC","sourcesContent":["import type { ApplicationContract } from '@ioc:Adonis/Core/Application'\n\nexport default class AppProvider {\n  constructor (protected app: ApplicationContract) {\n  }\n\n  public register () {\n    // Register your own bindings\n  }\n\n  public async boot () {\n    // IoC container is ready\n  }\n\n  public async ready () {\n    // App is ready\n  }\n\n  public async shutdown () {\n    // Cleanup, since app is going down\n  }\n}\n"]},"_coverageSchema":"1a1c01bbd47fc00a2c39e90264f33305004495a9","hash":"1a208d2412df7e0ab88b52c55adaf30c08814cfc","contentHash":"7bc022664f21320e34ea7540e36c669df720fb765aea2cddf7340327e90048b2"},"/home/sebas/Documents/Backend-Bootcamp/proyecto_final/start/routes.ts":{"path":"/home/sebas/Documents/Backend-Bootcamp/proyecto_final/start/routes.ts","statementMap":{"0":{"start":{"line":2,"column":22},"end":{"line":4,"column":1}},"1":{"start":{"line":3,"column":4},"end":{"line":3,"column":62}},"2":{"start":{"line":5,"column":0},"end":{"line":5,"column":62}},"3":{"start":{"line":6,"column":16},"end":{"line":6,"column":83}},"4":{"start":{"line":7,"column":0},"end":{"line":9,"column":22}},"5":{"start":{"line":8,"column":4},"end":{"line":8,"column":30}},"6":{"start":{"line":10,"column":0},"end":{"line":38,"column":20}},"7":{"start":{"line":11,"column":4},"end":{"line":11,"column":64}},"8":{"start":{"line":12,"column":4},"end":{"line":12,"column":73}},"9":{"start":{"line":13,"column":4},"end":{"line":17,"column":43}},"10":{"start":{"line":14,"column":8},"end":{"line":14,"column":69}},"11":{"start":{"line":15,"column":8},"end":{"line":15,"column":73}},"12":{"start":{"line":16,"column":8},"end":{"line":16,"column":71}},"13":{"start":{"line":18,"column":4},"end":{"line":25,"column":28}},"14":{"start":{"line":19,"column":8},"end":{"line":19,"column":98}},"15":{"start":{"line":20,"column":8},"end":{"line":20,"column":100}},"16":{"start":{"line":21,"column":8},"end":{"line":21,"column":112}},"17":{"start":{"line":22,"column":8},"end":{"line":22,"column":109}},"18":{"start":{"line":23,"column":8},"end":{"line":23,"column":105}},"19":{"start":{"line":24,"column":8},"end":{"line":24,"column":100}},"20":{"start":{"line":26,"column":4},"end":{"line":29,"column":43}},"21":{"start":{"line":27,"column":8},"end":{"line":27,"column":70}},"22":{"start":{"line":28,"column":8},"end":{"line":28,"column":64}},"23":{"start":{"line":30,"column":4},"end":{"line":33,"column":43}},"24":{"start":{"line":31,"column":8},"end":{"line":31,"column":86}},"25":{"start":{"line":32,"column":8},"end":{"line":32,"column":80}},"26":{"start":{"line":34,"column":4},"end":{"line":37,"column":42}},"27":{"start":{"line":35,"column":8},"end":{"line":35,"column":77}},"28":{"start":{"line":36,"column":8},"end":{"line":36,"column":80}}},"fnMap":{"0":{"name":"(anonymous_0)","decl":{"start":{"line":2,"column":56},"end":{"line":2,"column":57}},"loc":{"start":{"line":2,"column":71},"end":{"line":4,"column":1}},"line":2},"1":{"name":"(anonymous_1)","decl":{"start":{"line":7,"column":25},"end":{"line":7,"column":26}},"loc":{"start":{"line":7,"column":37},"end":{"line":9,"column":1}},"line":7},"2":{"name":"(anonymous_2)","decl":{"start":{"line":10,"column":22},"end":{"line":10,"column":23}},"loc":{"start":{"line":10,"column":28},"end":{"line":38,"column":1}},"line":10},"3":{"name":"(anonymous_3)","decl":{"start":{"line":13,"column":26},"end":{"line":13,"column":27}},"loc":{"start":{"line":13,"column":32},"end":{"line":17,"column":5}},"line":13},"4":{"name":"(anonymous_4)","decl":{"start":{"line":18,"column":26},"end":{"line":18,"column":27}},"loc":{"start":{"line":18,"column":32},"end":{"line":25,"column":5}},"line":18},"5":{"name":"(anonymous_5)","decl":{"start":{"line":26,"column":26},"end":{"line":26,"column":27}},"loc":{"start":{"line":26,"column":32},"end":{"line":29,"column":5}},"line":26},"6":{"name":"(anonymous_6)","decl":{"start":{"line":30,"column":26},"end":{"line":30,"column":27}},"loc":{"start":{"line":30,"column":32},"end":{"line":33,"column":5}},"line":30},"7":{"name":"(anonymous_7)","decl":{"start":{"line":34,"column":26},"end":{"line":34,"column":27}},"loc":{"start":{"line":34,"column":32},"end":{"line":37,"column":5}},"line":34}},"branchMap":{"0":{"loc":{"start":{"line":2,"column":22},"end":{"line":4,"column":1}},"type":"binary-expr","locations":[{"start":{"line":2,"column":23},"end":{"line":2,"column":27}},{"start":{"line":2,"column":31},"end":{"line":2,"column":51}},{"start":{"line":2,"column":56},"end":{"line":4,"column":1}}],"line":2},"1":{"loc":{"start":{"line":3,"column":11},"end":{"line":3,"column":61}},"type":"cond-expr","locations":[{"start":{"line":3,"column":37},"end":{"line":3,"column":40}},{"start":{"line":3,"column":43},"end":{"line":3,"column":61}}],"line":3},"2":{"loc":{"start":{"line":3,"column":12},"end":{"line":3,"column":33}},"type":"binary-expr","locations":[{"start":{"line":3,"column":12},"end":{"line":3,"column":15}},{"start":{"line":3,"column":19},"end":{"line":3,"column":33}}],"line":3}},"s":{"0":1,"1":1,"2":1,"3":1,"4":1,"5":0,"6":1,"7":1,"8":1,"9":1,"10":1,"11":1,"12":1,"13":1,"14":1,"15":1,"16":1,"17":1,"18":1,"19":1,"20":1,"21":1,"22":1,"23":1,"24":1,"25":1,"26":1,"27":1,"28":1},"f":{"0":1,"1":0,"2":1,"3":1,"4":1,"5":1,"6":1,"7":1},"b":{"0":[1,1,1],"1":[0,1],"2":[1,1]},"inputSourceMap":{"version":3,"file":"routes.js","sourceRoot":"","sources":["routes.ts"],"names":[],"mappings":";;;;;AAoBA,oFAA0C;AAE1C,eAAK,CAAC,GAAG,CAAC,GAAG,EAAE,KAAK,IAAI,EAAE;IACxB,OAAO,EAAE,KAAK,EAAE,OAAO,EAAE,CAAA;AAC3B,CAAC,CAAC,CAAC,UAAU,CAAC,MAAM,CAAC,CAAA;AAErB,eAAK,CAAC,KAAK,CAAC,GAAG,EAAE;IAEf,eAAK,CAAC,IAAI,CAAC,QAAQ,EAAE,2BAA2B,CAAC,CAAA;IACjD,eAAK,CAAC,IAAI,CAAC,cAAc,EAAE,8BAA8B,CAAC,CAAA;IAE1D,eAAK,CAAC,KAAK,CAAC,GAAG,EAAE;QACf,eAAK,CAAC,GAAG,CAAC,WAAW,EAAE,0BAA0B,CAAC,CAAA;QAClD,eAAK,CAAC,GAAG,CAAC,aAAa,EAAE,4BAA4B,CAAC,CAAA;QACtD,eAAK,CAAC,GAAG,CAAC,cAAc,EAAE,yBAAyB,CAAC,CAAA;IACtD,CAAC,CAAC,CAAC,MAAM,CAAC,OAAO,CAAC,CAAC,UAAU,CAAC,OAAO,CAAC,CAAA;IAEtC,eAAK,CAAC,KAAK,CAAC,GAAG,EAAE;QACf,eAAK,CAAC,IAAI,CAAC,SAAS,EAAE,oCAAoC,CAAC,CAAC,UAAU,CAAC,OAAO,CAAC,CAAA;QAC/E,eAAK,CAAC,GAAG,CAAC,eAAe,EAAE,kCAAkC,CAAC,CAAC,UAAU,CAAC,MAAM,CAAC,CAAA;QACjF,eAAK,CAAC,MAAM,CAAC,qBAAqB,EAAE,oCAAoC,CAAC,CAAC,UAAU,CAAC,OAAO,CAAC,CAAA;QAC7F,eAAK,CAAC,GAAG,CAAC,qBAAqB,EAAE,oCAAoC,CAAC,CAAC,UAAU,CAAC,OAAO,CAAC,CAAA;QAC1F,eAAK,CAAC,GAAG,CAAC,mBAAmB,EAAE,kCAAkC,CAAC,CAAC,UAAU,CAAC,OAAO,CAAC,CAAA;QACtF,eAAK,CAAC,GAAG,CAAC,iBAAiB,EAAE,gCAAgC,CAAC,CAAC,UAAU,CAAC,MAAM,CAAC,CAAA;IACnF,CAAC,CAAC,CAAC,MAAM,CAAC,YAAY,CAAC,CAAA;IAEvB,eAAK,CAAC,KAAK,CAAC,GAAG,EAAE;QACf,eAAK,CAAC,IAAI,CAAC,SAAS,EAAE,4BAA4B,CAAC,CAAA;QACnD,eAAK,CAAC,GAAG,CAAC,MAAM,EAAE,0BAA0B,CAAC,CAAA;IAC/C,CAAC,CAAC,CAAC,MAAM,CAAC,OAAO,CAAC,CAAC,UAAU,CAAC,OAAO,CAAC,CAAA;IAEtC,eAAK,CAAC,KAAK,CAAC,GAAG,EAAE;QACf,eAAK,CAAC,IAAI,CAAC,SAAS,EAAE,4CAA4C,CAAC,CAAA;QACnE,eAAK,CAAC,GAAG,CAAC,MAAM,EAAE,0CAA0C,CAAC,CAAA;IAC/D,CAAC,CAAC,CAAC,MAAM,CAAC,OAAO,CAAC,CAAC,UAAU,CAAC,OAAO,CAAC,CAAA;IAEtC,eAAK,CAAC,KAAK,CAAC,GAAG,EAAE;QACf,eAAK,CAAC,GAAG,CAAC,eAAe,EAAE,8BAA8B,CAAC,CAAA;QAC1D,eAAK,CAAC,IAAI,CAAC,gBAAgB,EAAE,+BAA+B,CAAC,CAAA;IAC/D,CAAC,CAAC,CAAC,MAAM,CAAC,OAAO,CAAC,CAAC,UAAU,CAAC,MAAM,CAAC,CAAA;AAEvC,CAAC,CAAC,CAAC,MAAM,CAAC,QAAQ,CAAC,CAAA","sourcesContent":["/*\n|--------------------------------------------------------------------------\n| Routes\n|--------------------------------------------------------------------------\n|\n| This file is dedicated for defining HTTP routes. A single file is enough\n| for majority of projects, however you can define routes in different\n| files and just make sure to import them inside this file. For example\n|\n| Define routes in following two files\n| ├── start/routes/cart.ts\n| ├── start/routes/customer.ts\n|\n| and then import them inside `start/routes.ts` as follows\n|\n| import './routes/cart'\n| import './routes/customer'\n|\n*/\n\nimport Route from '@ioc:Adonis/Core/Route'\n\nRoute.get('/', async () => {\n  return { hello: 'world' }\n}).middleware(\"auth\")\n\nRoute.group(() => {\n\n  Route.post(\"/login\", \"UsersController.loginUser\")\n  Route.post(\"/user/create\", \"UsersController.registerUser\")\n\n  Route.group(() => {\n    Route.get(\"/getUsers\", \"UsersController.getUsers\")\n    Route.put(\"/update/:id\", \"UsersController.updateUser\")\n    Route.get(\"/getUser/:id\", \"UsersController.getUser\")\n  }).prefix(\"/user\").middleware(\"admin\")\n\n  Route.group(() => {\n    Route.post(\"/create\", \"QuestionsController.createQuestion\").middleware(\"admin\")\n    Route.get(\"/getQuestions\", \"QuestionsController.getQuestions\").middleware(\"auth\")\n    Route.delete(\"/deleteQuestion/:id\", \"QuestionsController.deleteQuestion\").middleware(\"admin\")\n    Route.put(\"/updateQuestion/:id\", \"QuestionsController.updateQuestion\").middleware(\"admin\")\n    Route.put(\"/updateAnswer/:id\", \"QuestionsController.updateAnswer\").middleware(\"admin\")\n    Route.get(\"/getOptions/:id\", \"QuestionsController.getOptions\").middleware(\"auth\")\n  }).prefix(\"/questions\")\n\n  Route.group(() => {\n    Route.post(\"/create\", \"RolesController.createRole\")\n    Route.get(\"/get\", \"RolesController.getRoles\")\n  }).prefix(\"/role\").middleware(\"admin\")\n\n  Route.group(() => {\n    Route.post(\"/create\", \"TypeDocumentsController.createTypeDocument\")\n    Route.get(\"/get\", \"TypeDocumentsController.getTypeDocuments\")\n  }).prefix(\"/type\").middleware(\"admin\")\n\n  Route.group(() => {\n    Route.get(\"/getquestions\", \"FormsController.getQuestions\")\n    Route.post(\"/postquestions\", \"FormsController.postQuestions\")\n  }).prefix(\"/form\").middleware(\"auth\")\n\n}).prefix(\"api/v1\")\n\n"]},"_coverageSchema":"1a1c01bbd47fc00a2c39e90264f33305004495a9","hash":"5009237628ebb983b7ce604c78f833e0ec4ca4cd","contentHash":"08de54959311532a7e551a9383db0778d6aefa49c96db487a310577e50fcb028"},"/home/sebas/Documents/Backend-Bootcamp/proyecto_final/start/kernel.ts":{"path":"/home/sebas/Documents/Backend-Bootcamp/proyecto_final/start/kernel.ts","statementMap":{"0":{"start":{"line":2,"column":22},"end":{"line":12,"column":3}},"1":{"start":{"line":3,"column":4},"end":{"line":3,"column":33}},"2":{"start":{"line":3,"column":26},"end":{"line":3,"column":33}},"3":{"start":{"line":4,"column":15},"end":{"line":4,"column":52}},"4":{"start":{"line":5,"column":4},"end":{"line":7,"column":5}},"5":{"start":{"line":6,"column":6},"end":{"line":6,"column":68}},"6":{"start":{"line":6,"column":51},"end":{"line":6,"column":63}},"7":{"start":{"line":8,"column":4},"end":{"line":8,"column":39}},"8":{"start":{"line":10,"column":4},"end":{"line":10,"column":33}},"9":{"start":{"line":10,"column":26},"end":{"line":10,"column":33}},"10":{"start":{"line":11,"column":4},"end":{"line":11,"column":17}},"11":{"start":{"line":13,"column":25},"end":{"line":17,"column":2}},"12":{"start":{"line":14,"column":4},"end":{"line":14,"column":72}},"13":{"start":{"line":16,"column":4},"end":{"line":16,"column":21}},"14":{"start":{"line":18,"column":19},"end":{"line":24,"column":1}},"15":{"start":{"line":19,"column":4},"end":{"line":19,"column":42}},"16":{"start":{"line":19,"column":31},"end":{"line":19,"column":42}},"17":{"start":{"line":20,"column":17},"end":{"line":20,"column":19}},"18":{"start":{"line":21,"column":4},"end":{"line":21,"column":141}},"19":{"start":{"line":21,"column":21},"end":{"line":21,"column":141}},"20":{"start":{"line":21,"column":40},"end":{"line":21,"column":141}},"21":{"start":{"line":21,"column":109},"end":{"line":21,"column":141}},"22":{"start":{"line":22,"column":4},"end":{"line":22,"column":36}},"23":{"start":{"line":23,"column":4},"end":{"line":23,"column":18}},"24":{"start":{"line":25,"column":22},"end":{"line":27,"column":1}},"25":{"start":{"line":26,"column":4},"end":{"line":26,"column":62}},"26":{"start":{"line":28,"column":0},"end":{"line":28,"column":62}},"27":{"start":{"line":29,"column":17},"end":{"line":29,"column":85}},"28":{"start":{"line":30,"column":0},"end":{"line":32,"column":3}},"29":{"start":{"line":31,"column":10},"end":{"line":31,"column":109}},"30":{"start":{"line":31,"column":39},"end":{"line":31,"column":108}},"31":{"start":{"line":33,"column":0},"end":{"line":36,"column":3}},"32":{"start":{"line":34,"column":16},"end":{"line":34,"column":115}},"33":{"start":{"line":34,"column":45},"end":{"line":34,"column":114}},"34":{"start":{"line":35,"column":17},"end":{"line":35,"column":117}},"35":{"start":{"line":35,"column":46},"end":{"line":35,"column":116}}},"fnMap":{"0":{"name":"(anonymous_0)","decl":{"start":{"line":2,"column":74},"end":{"line":2,"column":75}},"loc":{"start":{"line":2,"column":96},"end":{"line":9,"column":1}},"line":2},"1":{"name":"(anonymous_1)","decl":{"start":{"line":6,"column":38},"end":{"line":6,"column":39}},"loc":{"start":{"line":6,"column":49},"end":{"line":6,"column":65}},"line":6},"2":{"name":"(anonymous_2)","decl":{"start":{"line":9,"column":6},"end":{"line":9,"column":7}},"loc":{"start":{"line":9,"column":28},"end":{"line":12,"column":1}},"line":9},"3":{"name":"(anonymous_3)","decl":{"start":{"line":13,"column":80},"end":{"line":13,"column":81}},"loc":{"start":{"line":13,"column":95},"end":{"line":15,"column":1}},"line":13},"4":{"name":"(anonymous_4)","decl":{"start":{"line":15,"column":5},"end":{"line":15,"column":6}},"loc":{"start":{"line":15,"column":20},"end":{"line":17,"column":1}},"line":15},"5":{"name":"(anonymous_5)","decl":{"start":{"line":18,"column":50},"end":{"line":18,"column":51}},"loc":{"start":{"line":18,"column":65},"end":{"line":24,"column":1}},"line":18},"6":{"name":"(anonymous_6)","decl":{"start":{"line":25,"column":56},"end":{"line":25,"column":57}},"loc":{"start":{"line":25,"column":71},"end":{"line":27,"column":1}},"line":25},"7":{"name":"(anonymous_7)","decl":{"start":{"line":31,"column":4},"end":{"line":31,"column":5}},"loc":{"start":{"line":31,"column":10},"end":{"line":31,"column":109}},"line":31},"8":{"name":"(anonymous_8)","decl":{"start":{"line":31,"column":33},"end":{"line":31,"column":34}},"loc":{"start":{"line":31,"column":39},"end":{"line":31,"column":108}},"line":31},"9":{"name":"(anonymous_9)","decl":{"start":{"line":34,"column":10},"end":{"line":34,"column":11}},"loc":{"start":{"line":34,"column":16},"end":{"line":34,"column":115}},"line":34},"10":{"name":"(anonymous_10)","decl":{"start":{"line":34,"column":39},"end":{"line":34,"column":40}},"loc":{"start":{"line":34,"column":45},"end":{"line":34,"column":114}},"line":34},"11":{"name":"(anonymous_11)","decl":{"start":{"line":35,"column":11},"end":{"line":35,"column":12}},"loc":{"start":{"line":35,"column":17},"end":{"line":35,"column":117}},"line":35},"12":{"name":"(anonymous_12)","decl":{"start":{"line":35,"column":40},"end":{"line":35,"column":41}},"loc":{"start":{"line":35,"column":46},"end":{"line":35,"column":116}},"line":35}},"branchMap":{"0":{"loc":{"start":{"line":2,"column":22},"end":{"line":12,"column":3}},"type":"binary-expr","locations":[{"start":{"line":2,"column":23},"end":{"line":2,"column":27}},{"start":{"line":2,"column":31},"end":{"line":2,"column":51}},{"start":{"line":2,"column":57},"end":{"line":12,"column":2}}],"line":2},"1":{"loc":{"start":{"line":2,"column":57},"end":{"line":12,"column":2}},"type":"cond-expr","locations":[{"start":{"line":2,"column":74},"end":{"line":9,"column":1}},{"start":{"line":9,"column":6},"end":{"line":12,"column":1}}],"line":2},"2":{"loc":{"start":{"line":3,"column":4},"end":{"line":3,"column":33}},"type":"if","locations":[{"start":{"line":3,"column":4},"end":{"line":3,"column":33}},{"start":{"line":3,"column":4},"end":{"line":3,"column":33}}],"line":3},"3":{"loc":{"start":{"line":5,"column":4},"end":{"line":7,"column":5}},"type":"if","locations":[{"start":{"line":5,"column":4},"end":{"line":7,"column":5}},{"start":{"line":5,"column":4},"end":{"line":7,"column":5}}],"line":5},"4":{"loc":{"start":{"line":5,"column":8},"end":{"line":5,"column":85}},"type":"binary-expr","locations":[{"start":{"line":5,"column":8},"end":{"line":5,"column":13}},{"start":{"line":5,"column":18},"end":{"line":5,"column":84}}],"line":5},"5":{"loc":{"start":{"line":5,"column":18},"end":{"line":5,"column":84}},"type":"cond-expr","locations":[{"start":{"line":5,"column":34},"end":{"line":5,"column":47}},{"start":{"line":5,"column":50},"end":{"line":5,"column":84}}],"line":5},"6":{"loc":{"start":{"line":5,"column":50},"end":{"line":5,"column":84}},"type":"binary-expr","locations":[{"start":{"line":5,"column":50},"end":{"line":5,"column":63}},{"start":{"line":5,"column":67},"end":{"line":5,"column":84}}],"line":5},"7":{"loc":{"start":{"line":10,"column":4},"end":{"line":10,"column":33}},"type":"if","locations":[{"start":{"line":10,"column":4},"end":{"line":10,"column":33}},{"start":{"line":10,"column":4},"end":{"line":10,"column":33}}],"line":10},"8":{"loc":{"start":{"line":13,"column":25},"end":{"line":17,"column":2}},"type":"binary-expr","locations":[{"start":{"line":13,"column":26},"end":{"line":13,"column":30}},{"start":{"line":13,"column":34},"end":{"line":13,"column":57}},{"start":{"line":13,"column":63},"end":{"line":17,"column":1}}],"line":13},"9":{"loc":{"start":{"line":13,"column":63},"end":{"line":17,"column":1}},"type":"cond-expr","locations":[{"start":{"line":13,"column":80},"end":{"line":15,"column":1}},{"start":{"line":15,"column":5},"end":{"line":17,"column":1}}],"line":13},"10":{"loc":{"start":{"line":18,"column":19},"end":{"line":24,"column":1}},"type":"binary-expr","locations":[{"start":{"line":18,"column":20},"end":{"line":18,"column":24}},{"start":{"line":18,"column":28},"end":{"line":18,"column":45}},{"start":{"line":18,"column":50},"end":{"line":24,"column":1}}],"line":18},"11":{"loc":{"start":{"line":19,"column":4},"end":{"line":19,"column":42}},"type":"if","locations":[{"start":{"line":19,"column":4},"end":{"line":19,"column":42}},{"start":{"line":19,"column":4},"end":{"line":19,"column":42}}],"line":19},"12":{"loc":{"start":{"line":19,"column":8},"end":{"line":19,"column":29}},"type":"binary-expr","locations":[{"start":{"line":19,"column":8},"end":{"line":19,"column":11}},{"start":{"line":19,"column":15},"end":{"line":19,"column":29}}],"line":19},"13":{"loc":{"start":{"line":21,"column":4},"end":{"line":21,"column":141}},"type":"if","locations":[{"start":{"line":21,"column":4},"end":{"line":21,"column":141}},{"start":{"line":21,"column":4},"end":{"line":21,"column":141}}],"line":21},"14":{"loc":{"start":{"line":21,"column":40},"end":{"line":21,"column":141}},"type":"if","locations":[{"start":{"line":21,"column":40},"end":{"line":21,"column":141}},{"start":{"line":21,"column":40},"end":{"line":21,"column":141}}],"line":21},"15":{"loc":{"start":{"line":21,"column":44},"end":{"line":21,"column":107}},"type":"binary-expr","locations":[{"start":{"line":21,"column":44},"end":{"line":21,"column":59}},{"start":{"line":21,"column":63},"end":{"line":21,"column":107}}],"line":21},"16":{"loc":{"start":{"line":25,"column":22},"end":{"line":27,"column":1}},"type":"binary-expr","locations":[{"start":{"line":25,"column":23},"end":{"line":25,"column":27}},{"start":{"line":25,"column":31},"end":{"line":25,"column":51}},{"start":{"line":25,"column":56},"end":{"line":27,"column":1}}],"line":25},"17":{"loc":{"start":{"line":26,"column":11},"end":{"line":26,"column":61}},"type":"cond-expr","locations":[{"start":{"line":26,"column":37},"end":{"line":26,"column":40}},{"start":{"line":26,"column":43},"end":{"line":26,"column":61}}],"line":26},"18":{"loc":{"start":{"line":26,"column":12},"end":{"line":26,"column":33}},"type":"binary-expr","locations":[{"start":{"line":26,"column":12},"end":{"line":26,"column":15}},{"start":{"line":26,"column":19},"end":{"line":26,"column":33}}],"line":26}},"s":{"0":1,"1":0,"2":0,"3":0,"4":0,"5":0,"6":0,"7":0,"8":0,"9":0,"10":0,"11":1,"12":44,"13":0,"14":1,"15":65,"16":21,"17":44,"18":44,"19":44,"20":0,"21":0,"22":44,"23":44,"24":1,"25":1,"26":1,"27":1,"28":1,"29":44,"30":44,"31":1,"32":5,"33":5,"34":16,"35":16},"f":{"0":0,"1":0,"2":0,"3":44,"4":0,"5":65,"6":1,"7":44,"8":44,"9":5,"10":5,"11":16,"12":16},"b":{"0":[1,1,1],"1":[1,0],"2":[0,0],"3":[0,0],"4":[0,0],"5":[0,0],"6":[0,0],"7":[0,0],"8":[1,1,1],"9":[1,0],"10":[1,1,1],"11":[21,44],"12":[65,65],"13":[44,0],"14":[0,0],"15":[0,0],"16":[1,1,1],"17":[0,1],"18":[1,1]},"inputSourceMap":{"version":3,"file":"kernel.js","sourceRoot":"","sources":["kernel.ts"],"names":[],"mappings":";;;;;;;;;;;;;;;;;;;;;;;;;;;;AAWA,sFAA4C;AAW5C,gBAAM,CAAC,UAAU,CAAC,QAAQ,CAAC;IACzB,GAAG,EAAE,oGAAsC;CAC5C,CAAC,CAAA;AAkBF,gBAAM,CAAC,UAAU,CAAC,aAAa,CAAC;IAC9B,IAAI,EAAE,GAAG,EAAE,yEAAQ,wBAAwB,GAAC;IAC5C,KAAK,EAAE,GAAG,EAAE,yEAAQ,yBAAyB,GAAC;CAC/C,CAAC,CAAA","sourcesContent":["/*\n|--------------------------------------------------------------------------\n| Application middleware\n|--------------------------------------------------------------------------\n|\n| This file is used to define middleware for HTTP requests. You can register\n| middleware as a `closure` or an IoC container binding. The bindings are\n| preferred, since they keep this file clean.\n|\n*/\n\nimport Server from '@ioc:Adonis/Core/Server'\n\n/*\n|--------------------------------------------------------------------------\n| Global middleware\n|--------------------------------------------------------------------------\n|\n| An array of global middleware, that will be executed in the order they\n| are defined for every HTTP requests.\n|\n*/\nServer.middleware.register([\n  () => import('@ioc:Adonis/Core/BodyParser'),\n])\n\n/*\n|--------------------------------------------------------------------------\n| Named middleware\n|--------------------------------------------------------------------------\n|\n| Named middleware are defined as key-value pair. The value is the namespace\n| or middleware function and key is the alias. Later you can use these\n| alias on individual routes. For example:\n|\n| { auth: () => import('App/Middleware/Auth') }\n|\n| and then use it as follows\n|\n| Route.get('dashboard', 'UserController.dashboard').middleware('auth')\n|\n*/\nServer.middleware.registerNamed({\n  auth: () => import('App/Middleware/AuthJwt') ,\n  admin: () => import('App/Middleware/AdminJwt') ,\n})\n"]},"_coverageSchema":"1a1c01bbd47fc00a2c39e90264f33305004495a9","hash":"bca28986f5f438d600ff9de30066f4d9e65d0e74","contentHash":"29b06bda600200ac66d57b5013ae34d814681f23cf35563fcca0bb27c36ddd84"},"/home/sebas/Documents/Backend-Bootcamp/proyecto_final/app/Controllers/Http/UsersController.ts":{"path":"/home/sebas/Documents/Backend-Bootcamp/proyecto_final/app/Controllers/Http/UsersController.ts","statementMap":{"0":{"start":{"line":2,"column":22},"end":{"line":4,"column":1}},"1":{"start":{"line":3,"column":4},"end":{"line":3,"column":62}},"2":{"start":{"line":5,"column":0},"end":{"line":5,"column":62}},"3":{"start":{"line":6,"column":15},"end":{"line":6,"column":80}},"4":{"start":{"line":7,"column":23},"end":{"line":7,"column":63}},"5":{"start":{"line":8,"column":14},"end":{"line":8,"column":79}},"6":{"start":{"line":9,"column":17},"end":{"line":9,"column":36}},"7":{"start":{"line":12,"column":8},"end":{"line":36,"column":9}},"8":{"start":{"line":13,"column":26},"end":{"line":13,"column":52}},"9":{"start":{"line":14,"column":12},"end":{"line":29,"column":15}},"10":{"start":{"line":18,"column":20},"end":{"line":27,"column":22}},"11":{"start":{"line":32,"column":12},"end":{"line":35,"column":15}},"12":{"start":{"line":39,"column":125},"end":{"line":39,"column":138}},"13":{"start":{"line":40,"column":21},"end":{"line":40,"column":43}},"14":{"start":{"line":41,"column":21},"end":{"line":41,"column":41}},"15":{"start":{"line":42,"column":8},"end":{"line":65,"column":9}},"16":{"start":{"line":43,"column":12},"end":{"line":43,"column":40}},"17":{"start":{"line":44,"column":12},"end":{"line":44,"column":42}},"18":{"start":{"line":45,"column":12},"end":{"line":45,"column":35}},"19":{"start":{"line":46,"column":12},"end":{"line":46,"column":48}},"20":{"start":{"line":47,"column":12},"end":{"line":47,"column":46}},"21":{"start":{"line":48,"column":12},"end":{"line":48,"column":50}},"22":{"start":{"line":49,"column":12},"end":{"line":49,"column":31}},"23":{"start":{"line":50,"column":12},"end":{"line":50,"column":62}},"24":{"start":{"line":51,"column":12},"end":{"line":51,"column":30}},"25":{"start":{"line":52,"column":12},"end":{"line":52,"column":31}},"26":{"start":{"line":53,"column":12},"end":{"line":53,"column":30}},"27":{"start":{"line":54,"column":12},"end":{"line":57,"column":15}},"28":{"start":{"line":60,"column":12},"end":{"line":64,"column":15}},"29":{"start":{"line":68,"column":36},"end":{"line":68,"column":49}},"30":{"start":{"line":69,"column":8},"end":{"line":97,"column":9}},"31":{"start":{"line":70,"column":25},"end":{"line":70,"column":68}},"32":{"start":{"line":71,"column":12},"end":{"line":73,"column":13}},"33":{"start":{"line":72,"column":16},"end":{"line":72,"column":56}},"34":{"start":{"line":74,"column":12},"end":{"line":74,"column":37}},"35":{"start":{"line":75,"column":35},"end":{"line":75,"column":80}},"36":{"start":{"line":76,"column":12},"end":{"line":78,"column":13}},"37":{"start":{"line":77,"column":16},"end":{"line":77,"column":55}},"38":{"start":{"line":79,"column":28},"end":{"line":81,"column":13}},"39":{"start":{"line":82,"column":26},"end":{"line":82,"column":53}},"40":{"start":{"line":83,"column":12},"end":{"line":90,"column":15}},"41":{"start":{"line":93,"column":12},"end":{"line":96,"column":15}},"42":{"start":{"line":100,"column":110},"end":{"line":100,"column":123}},"43":{"start":{"line":101,"column":19},"end":{"line":101,"column":38}},"44":{"start":{"line":102,"column":8},"end":{"line":126,"column":9}},"45":{"start":{"line":103,"column":25},"end":{"line":103,"column":62}},"46":{"start":{"line":104,"column":12},"end":{"line":106,"column":13}},"47":{"start":{"line":105,"column":16},"end":{"line":105,"column":56}},"48":{"start":{"line":107,"column":12},"end":{"line":107,"column":40}},"49":{"start":{"line":108,"column":12},"end":{"line":108,"column":42}},"50":{"start":{"line":109,"column":12},"end":{"line":109,"column":35}},"51":{"start":{"line":110,"column":12},"end":{"line":110,"column":48}},"52":{"start":{"line":111,"column":12},"end":{"line":111,"column":46}},"53":{"start":{"line":112,"column":12},"end":{"line":112,"column":50}},"54":{"start":{"line":113,"column":12},"end":{"line":113,"column":31}},"55":{"start":{"line":114,"column":12},"end":{"line":114,"column":31}},"56":{"start":{"line":115,"column":12},"end":{"line":115,"column":30}},"57":{"start":{"line":116,"column":12},"end":{"line":119,"column":15}},"58":{"start":{"line":122,"column":12},"end":{"line":125,"column":15}},"59":{"start":{"line":129,"column":19},"end":{"line":129,"column":38}},"60":{"start":{"line":130,"column":8},"end":{"line":151,"column":9}},"61":{"start":{"line":131,"column":25},"end":{"line":131,"column":62}},"62":{"start":{"line":132,"column":12},"end":{"line":134,"column":13}},"63":{"start":{"line":133,"column":16},"end":{"line":133,"column":56}},"64":{"start":{"line":135,"column":12},"end":{"line":144,"column":15}},"65":{"start":{"line":147,"column":12},"end":{"line":150,"column":15}},"66":{"start":{"line":154,"column":24},"end":{"line":156,"column":9}},"67":{"start":{"line":157,"column":8},"end":{"line":157,"column":98}},"68":{"start":{"line":160,"column":20},"end":{"line":160,"column":53}},"69":{"start":{"line":161,"column":8},"end":{"line":166,"column":11}},"70":{"start":{"line":162,"column":12},"end":{"line":164,"column":13}},"71":{"start":{"line":163,"column":16},"end":{"line":163,"column":50}},"72":{"start":{"line":165,"column":12},"end":{"line":165,"column":31}},"73":{"start":{"line":167,"column":8},"end":{"line":167,"column":21}},"74":{"start":{"line":170,"column":0},"end":{"line":170,"column":34}}},"fnMap":{"0":{"name":"(anonymous_0)","decl":{"start":{"line":2,"column":56},"end":{"line":2,"column":57}},"loc":{"start":{"line":2,"column":71},"end":{"line":4,"column":1}},"line":2},"1":{"name":"(anonymous_1)","decl":{"start":{"line":11,"column":4},"end":{"line":11,"column":5}},"loc":{"start":{"line":11,"column":33},"end":{"line":37,"column":5}},"line":11},"2":{"name":"(anonymous_2)","decl":{"start":{"line":17,"column":35},"end":{"line":17,"column":36}},"loc":{"start":{"line":17,"column":45},"end":{"line":28,"column":17}},"line":17},"3":{"name":"(anonymous_3)","decl":{"start":{"line":38,"column":4},"end":{"line":38,"column":5}},"loc":{"start":{"line":38,"column":46},"end":{"line":66,"column":5}},"line":38},"4":{"name":"(anonymous_4)","decl":{"start":{"line":67,"column":4},"end":{"line":67,"column":5}},"loc":{"start":{"line":67,"column":43},"end":{"line":98,"column":5}},"line":67},"5":{"name":"(anonymous_5)","decl":{"start":{"line":99,"column":4},"end":{"line":99,"column":5}},"loc":{"start":{"line":99,"column":44},"end":{"line":127,"column":5}},"line":99},"6":{"name":"(anonymous_6)","decl":{"start":{"line":128,"column":4},"end":{"line":128,"column":5}},"loc":{"start":{"line":128,"column":41},"end":{"line":152,"column":5}},"line":128},"7":{"name":"(anonymous_7)","decl":{"start":{"line":153,"column":4},"end":{"line":153,"column":5}},"loc":{"start":{"line":153,"column":27},"end":{"line":158,"column":5}},"line":153},"8":{"name":"(anonymous_8)","decl":{"start":{"line":159,"column":4},"end":{"line":159,"column":5}},"loc":{"start":{"line":159,"column":37},"end":{"line":168,"column":5}},"line":159},"9":{"name":"(anonymous_9)","decl":{"start":{"line":161,"column":90},"end":{"line":161,"column":91}},"loc":{"start":{"line":161,"column":110},"end":{"line":166,"column":9}},"line":161}},"branchMap":{"0":{"loc":{"start":{"line":2,"column":22},"end":{"line":4,"column":1}},"type":"binary-expr","locations":[{"start":{"line":2,"column":23},"end":{"line":2,"column":27}},{"start":{"line":2,"column":31},"end":{"line":2,"column":51}},{"start":{"line":2,"column":56},"end":{"line":4,"column":1}}],"line":2},"1":{"loc":{"start":{"line":3,"column":11},"end":{"line":3,"column":61}},"type":"cond-expr","locations":[{"start":{"line":3,"column":37},"end":{"line":3,"column":40}},{"start":{"line":3,"column":43},"end":{"line":3,"column":61}}],"line":3},"2":{"loc":{"start":{"line":3,"column":12},"end":{"line":3,"column":33}},"type":"binary-expr","locations":[{"start":{"line":3,"column":12},"end":{"line":3,"column":15}},{"start":{"line":3,"column":19},"end":{"line":3,"column":33}}],"line":3},"3":{"loc":{"start":{"line":71,"column":12},"end":{"line":73,"column":13}},"type":"if","locations":[{"start":{"line":71,"column":12},"end":{"line":73,"column":13}},{"start":{"line":71,"column":12},"end":{"line":73,"column":13}}],"line":71},"4":{"loc":{"start":{"line":76,"column":12},"end":{"line":
[...]
CAAC,EAAE,CAAC,CAAA;YACpE,IAAI,OAAO,CAAC,MAAM,KAAK,CAAC,EAAE;gBACxB,MAAM,IAAI,KAAK,CAAC,iBAAiB,CAAC,CAAA;aACnC;YACD,OAAO,QAAQ,CAAC,MAAM,CAAC,GAAG,CAAC,CAAC,IAAI,CAAC;gBAC/B,OAAO,EAAE,IAAI;gBACb,SAAS,EAAE,qBAAqB;gBAChC,SAAS,EAAE,OAAO,CAAE,GAAG,CAAC,CAAC,MAAW,EAAE,EAAE;oBACtC,OAAO;wBACL,EAAE,EAAE,MAAM,CAAC,EAAE;wBACb,MAAM,EAAE,MAAM,CAAC,MAAM;qBACtB,CAAA;gBACH,CAAC,CAAC;aACH,CAAC,CAAA;SACH;QAAC,OAAO,KAAK,EAAE;YACd,OAAO,QAAQ,CAAC,MAAM,CAAC,GAAG,CAAC,CAAC,IAAI,CAAC;gBAC/B,OAAO,EAAE,KAAK;gBACd,SAAS,EAAE,yCAAyC;aACrD,CAAC,CAAA;SACH;IACH,CAAC;CACF;AA5HD,sCA4HC","sourcesContent":["import type { HttpContextContract } from '@ioc:Adonis/Core/HttpContext'\nimport Answer from 'App/Models/Answer';\nimport Question from 'App/Models/Question';\n\nexport default class QuestionsController {\n  public async createQuestion({request, response}: HttpContextContract){\n    const { question, options } = request.all();\n    try {\n      const newQuestion = await Question.create({question: question, state: false})\n      await Answer.createMany(options.map((option: any) => {\n        return {\n          answer: option.opcion,\n          is_correct: option.iscorrect,\n          state: true,\n          question_id: newQuestion.id\n        }\n      }))\n      newQuestion.state = true\n      newQuestion.save()\n      return response.status(200).json({\n        \"state\": true,\n        \"message\": \"Pregunta creada exitosamente\"\n      })\n    } catch (error) {\n      return response.status(400).json({\n        \"state\": false,\n        \"message\": \"Error al crear la pregunta\"\n      })\n    }\n  }\n\n  public async getQuestions({response}: HttpContextContract){\n    try {\n      const questions = await Question.query().where(\"state\", true)\n      return response.status(200).json({\n        \"state\": true,\n        \"questions\": questions. map((question: any) => {\n          return {\n            question: question.question,\n            id: question.id,\n          }\n        })\n      })\n    } catch (error) {\n      return response.status(400).json({\n        \"state\": false,\n        \"message\": \"Error al listar las preguntas\"\n      })\n    }\n  }\n\n  public async deleteQuestion({params, response}: HttpContextContract){\n    try {\n      const question = await Question.findOrFail(params.id)\n      question.state = false\n      await question.save()\n      return response.status(200).json({\n        \"state\": true,\n        \"message\": \"Pregunta eliminada con exito\"\n      })\n    } catch (error) {\n      return response.status(400).json({\n        \"state\": false,\n        \"message\": \"Error al eliminar la pregunta\"\n      })\n    }\n  }\n\n  public async updateQuestion({params, request, response}: HttpContextContract){\n    const { question } = request.all();\n    try {\n      const questionUpdate = await Question.findOrFail(params.id)\n      questionUpdate.question = question\n      await questionUpdate.save()\n      return response.status(200).json({\n        \"state\": true,\n        \"message\": \"Pregunta editada con exito\"\n      })\n    } catch (error) {\n      return response.status(400).json({\n        \"state\": false,\n        \"message\": \"Error al editar la pregunta\"\n      })\n    }\n  }\n\n  public async updateAnswer({params, request, response}: HttpContextContract){\n    const { answer, is_correct } = request.all();\n    try {\n      const answerUpdate = await Answer.findOrFail(params.id)\n      answerUpdate.answer = answer\n      answerUpdate.is_correct = is_correct\n      await answerUpdate.save()\n      return response.status(200).json({\n        \"state\": true,\n        \"message\": \"Opcion editada con exito\"\n      })\n    } catch (error) {\n      return response.status(400).json({\n        \"state\": false,\n        \"message\": \"Error al editar la opcion\"\n      })\n    }\n  }\n\n  public async getOptions({params, response}: HttpContextContract){\n    try {\n      const options = await Answer.query().where(\"question_id\", params.id)\n      if (options.length === 0) {\n        throw new Error(\"No hay opciones\")\n      }\n      return response.status(200).json({\n        \"state\": true,\n        \"message\": \"Listado de opciones\",\n        \"options\": options. map((option: any) => {\n          return {\n            id: option.id,\n            opcion: option.answer,\n          }\n        })\n      })\n    } catch (error) {\n      return response.status(400).json({\n        \"state\": false,\n        \"message\": \"Error al obtener el listado de opciones\"\n      })\n    }\n  }\n}\n\n"]},"_coverageSchema":"1a1c01bbd47fc00a2c39e90264f33305004495a9","hash":"cb6c0bbfaafee42d7830f2b978cdede0f65b63ba","contentHash":"0612efcd70dac386cb9720257242eac050d56101209e0a11727ab19e40cf2431"},"/home/sebas/Documents/Backend-Bootcamp/proyecto_final/app/Middleware/AdminJwt.ts":{"path":"/home/sebas/Documents/Backend-Bootcamp/proyecto_final/app/Middleware/AdminJwt.ts","statementMap":{"0":{"start":{"line":2,"column":22},"end":{"line":4,"column":1}},"1":{"start":{"line":3,"column":4},"end":{"line":3,"column":62}},"2":{"start":{"line":5,"column":0},"end":{"line":5,"column":62}},"3":{"start":{"line":6,"column":26},"end":{"line":6,"column":112}},"4":{"start":{"line":9,"column":36},"end":{"line":9,"column":71}},"5":{"start":{"line":10,"column":8},"end":{"line":15,"column":9}},"6":{"start":{"line":11,"column":12},"end":{"line":14,"column":15}},"7":{"start":{"line":16,"column":8},"end":{"line":28,"column":9}},"8":{"start":{"line":17,"column":36},"end":{"line":17,"column":67}},"9":{"start":{"line":18,"column":12},"end":{"line":23,"column":13}},"10":{"start":{"line":19,"column":16},"end":{"line":22,"column":19}},"11":{"start":{"line":24,"column":12},"end":{"line":24,"column":25}},"12":{"start":{"line":27,"column":12},"end":{"line":27,"column":60}},"13":{"start":{"line":31,"column":0},"end":{"line":31,"column":27}}},"fnMap":{"0":{"name":"(anonymous_0)","decl":{"start":{"line":2,"column":56},"end":{"line":2,"column":57}},"loc":{"start":{"line":2,"column":71},"end":{"line":4,"column":1}},"line":2},"1":{"name":"(anonymous_1)","decl":{"start":{"line":8,"column":4},"end":{"line":8,"column":5}},"loc":{"start":{"line":8,"column":28},"end":{"line":29,"column":5}},"line":8}},"branchMap":{"0":{"loc":{"start":{"line":2,"column":22},"end":{"line":4,"column":1}},"type":"binary-expr","locations":[{"start":{"line":2,"column":23},"end":{"line":2,"column":27}},{"start":{"line":2,"column":31},"end":{"line":2,"column":51}},{"start":{"line":2,"column":56},"end":{"line":4,"column":1}}],"line":2},"1":{"loc":{"start":{"line":3,"column":11},"end":{"line":3,"column":61}},"type":"cond-expr","locations":[{"start":{"line":3,"column":37},"end":{"line":3,"column":40}},{"start":{"line":3,"column":43},"end":{"line":3,"column":61}}],"line":3},"2":{"loc":{"start":{"line":3,"column":12},"end":{"line":3,"column":33}},"type":"binary-expr","locations":[{"start":{"line":3,"column":12},"end":{"line":3,"column":15}},{"start":{"line":3,"column":19},"end":{"line":3,"column":33}}],"line":3},"3":{"loc":{"start":{"line":10,"column":8},"end":{"line":15,"column":9}},"type":"if","locations":[{"start":{"line":10,"column":8},"end":{"line":15,"column":9}},{"start":{"line":10,"column":8},"end":{"line":15,"column":9}}],"line":10},"4":{"loc":{"start":{"line":18,"column":12},"end":{"line":23,"column":13}},"type":"if","locations":[{"start":{"line":18,"column":12},"end":{"line":23,"column":13}},{"start":{"line":18,"column":12},"end":{"line":23,"column":13}}],"line":18}},"s":{"0":1,"1":1,"2":1,"3":1,"4":16,"5":16,"6":0,"7":16,"8":16,"9":16,"10":0,"11":16,"12":0,"13":1},"f":{"0":1,"1":16},"b":{"0":[1,1,1],"1":[1,0],"2":[1,1],"3":[0,16],"4":[0,16]},"inputSourceMap":{"version":3,"file":"AdminJwt.js","sourceRoot":"","sources":["AdminJwt.ts"],"names":[],"mappings":";;;;;AACA,iHAAkE;AAElE,MAAqB,QAAQ;IACpB,KAAK,CAAC,MAAM,CAAC,GAAwB,EAAE,IAAyB;QACrE,MAAM,mBAAmB,GAAG,GAAG,CAAC,OAAO,CAAC,MAAM,CAAC,eAAe,CAAC,CAAA;QAE/D,IAAG,mBAAmB,IAAI,SAAS,EAAC;YAClC,OAAO,GAAG,CAAC,QAAQ,CAAC,MAAM,CAAC,GAAG,CAAC,CAAC,IAAI,CAAC;gBACnC,OAAO,EAAE,kDAAkD;gBAC3D,MAAM,EAAE,GAAG;aACZ,CAAC,CAAA;SACH;QAED,IAAI;YACF,MAAM,eAAe,GAAG,IAAI,yBAAe,EAAE,CAAA;YAC7C,IAAG,eAAe,CAAC,WAAW,CAAC,mBAAmB,CAAC,IAAI,CAAC,EAAC;gBACvD,OAAO,GAAG,CAAC,QAAQ,CAAC,MAAM,CAAC,GAAG,CAAC,CAAC,IAAI,CAAC;oBACnC,OAAO,EAAE,mBAAmB;oBAC5B,MAAM,EAAE,GAAG;iBACZ,CAAC,CAAA;aACH;YACD,MAAM,IAAI,EAAE,CAAA;SACb;QAAC,OAAO,KAAK,EAAE;YACd,GAAG,CAAC,QAAQ,CAAC,MAAM,CAAC,GAAG,CAAC,CAAC,IAAI,CAAC,gBAAgB,CAAC,CAAA;SAChD;IACH,CAAC;CACF;AAxBD,2BAwBC","sourcesContent":["import type { HttpContextContract } from '@ioc:Adonis/Core/HttpContext'\nimport UsersController from 'App/Controllers/Http/UsersController'\n\nexport default class AdminJwt {\n  public async handle(ctx: HttpContextContract, next: () => Promise<void>) {\n    const authorizationHeader = ctx.request.header('authorization')\n\n    if(authorizationHeader == undefined){\n      return ctx.response.status(400).send({\n        message: \"No se ha proporcionado un token de autenticación\",\n        estado: 401\n      })\n    }\n\n    try {\n      const usersController = new UsersController()\n      if(usersController.verifyToken(authorizationHeader) != 1){\n        return ctx.response.status(400).send({\n          message: \"Rol no autorizado\",\n          estado: 401\n        })\n      } \n      await next()\n    } catch (error) {\n      ctx.response.status(400).send(\"Token expirado\")\n    }\n  }\n}"]},"_coverageSchema":"1a1c01bbd47fc00a2c39e90264f33305004495a9","hash":"68f487cb18d14489a700ecf09aa03c1a0110b920","contentHash":"aa218bc08b7a76ce75df97e97db5dea8e35d2122d5813b3c9011f2654128510c"},"/home/sebas/Documents/Backend-Bootcamp/proyecto_final/app/Controllers/Http/RolesController.ts":{"path":"/home/sebas/Documents/Backend-Bootcamp/proyecto_final/app/Controllers/Http/RolesController.ts","statementMap":{"0":{"start":{"line":2,"column":22},"end":{"line":4,"column":1}},"1":{"start":{"line":3,"column":4},"end":{"line":3,"column":62}},"2":{"start":{"line":5,"column":0},"end":{"line":5,"column":62}},"3":{"start":{"line":6,"column":15},"end":{"line":6,"column":80}},"4":{"start":{"line":9,"column":25},"end":{"line":9,"column":38}},"5":{"start":{"line":10,"column":8},"end":{"line":26,"column":9}},"6":{"start":{"line":11,"column":25},"end":{"line":11,"column":45}},"7":{"start":{"line":12,"column":12},"end":{"line":12,"column":29}},"8":{"start":{"line":13,"column":12},"end":{"line":13,"column":30}},"9":{"start":{"line":14,"column":12},"end":{"line":14,"column":30}},"10":{"start":{"line":15,"column":12},"end":{"line":19,"column":15}},"11":{"start":{"line":22,"column":12},"end":{"line":25,"column":15}},"12":{"start":{"line":29,"column":8},"end":{"line":42,"column":9}},"13":{"start":{"line":30,"column":26},"end":{"line":30,"column":52}},"14":{"start":{"line":31,"column":12},"end":{"line":35,"column":15}},"15":{"start":{"line":38,"column":12},"end":{"line":41,"column":15}},"16":{"start":{"line":45,"column":0},"end":{"line":45,"column":34}}},"fnMap":{"0":{"name":"(anonymous_0)","decl":{"start":{"line":2,"column":56},"end":{"line":2,"column":57}},"loc":{"start":{"line":2,"column":71},"end":{"line":4,"column":1}},"line":2},"1":{"name":"(anonymous_1)","decl":{"start":{"line":8,"column":4},"end":{"line":8,"column":5}},"loc":{"start":{"line":8,"column":44},"end":{"line":27,"column":5}},"line":8},"2":{"name":"(anonymous_2)","decl":{"start":{"line":28,"column":4},"end":{"line":28,"column":5}},"loc":{"start":{"line":28,"column":33},"end":{"line":43,"column":5}},"line":28}},"branchMap":{"0":{"loc":{"start":{"line":2,"column":22},"end":{"line":4,"column":1}},"type":"binary-expr","locations":[{"start":{"line":2,"column":23},"end":{"line":2,"column":27}},{"start":{"line":2,"column":31},"end":{"line":2,"column":51}},{"start":{"line":2,"column":56},"end":{"line":4,"column":1}}],"line":2},"1":{"loc":{"start":{"line":3,"column":11},"end":{"line":3,"column":61}},"type":"cond-expr","locations":[{"start":{"line":3,"column":37},"end":{"line":3,"column":40}},{"start":{"line":3,"column":43},"end":{"line":3,"column":61}}],"line":3},"2":{"loc":{"start":{"line":3,"column":12},"end":{"line":3,"column":33}},"type":"binary-expr","locations":[{"start":{"line":3,"column":12},"end":{"line":3,"column":15}},{"start":{"line":3,"column":19},"end":{"line":3,"column":33}}],"line":3}},"s":{"0":1,"1":1,"2":1,"3":1,"4":1,"5":1,"6":1,"7":1,"8":1,"9":1,"10":0,"11":1,"12":1,"13":1,"14":1,"15":0,"16":1},"f":{"0":1,"1":1,"2":1},"b":{"0":[1,1,1],"1":[1,0],"2":[1,1]},"inputSourceMap":{"version":3,"file":"RolesController.js","sourceRoot":"","sources":["RolesController.ts"],"names":[],"mappings":";;;;;AACA,iFAAmC;AAEnC,MAAqB,eAAe;IAC3B,KAAK,CAAC,UAAU,CAAC,EAAC,OAAO,EAAC,QAAQ,EAAsB;QAC7D,MAAM,EAAC,IAAI,EAAC,GAAG,OAAO,CAAC,GAAG,EAAE,CAAC;QAC7B,IAAI;YACF,MAAM,IAAI,GAAG,IAAI,cAAI,EAAE,CAAC;YACxB,IAAI,CAAC,IAAI,GAAG,IAAI,CAAC;YACjB,IAAI,CAAC,KAAK,GAAG,IAAI,CAAC;YAClB,MAAM,IAAI,CAAC,IAAI,EAAE,CAAC;YAClB,QAAQ,CAAC,MAAM,CAAC,GAAG,CAAC,CAAC,IAAI,CAAC;gBACxB,QAAQ,EAAE,IAAI;gBACd,SAAS,EAAE,sBAAsB;gBACjC,MAAM,EAAE,IAAI;aACb,CAAC,CAAA;SACH;QAAC,OAAO,KAAK,EAAE;YACd,QAAQ,CAAC,MAAM,CAAC,GAAG,CAAC,CAAC,IAAI,CAAC;gBACxB,QAAQ,EAAE,KAAK;gBACf,SAAS,EAAE,yBAAyB;aACrC,CAAC,CAAA;SACH;IACH,CAAC;IAEM,KAAK,CAAC,QAAQ,CAAC,EAAC,QAAQ,EAAsB;QACnD,IAAI;YACF,MAAM,KAAK,GAAG,MAAM,cAAI,CAAC,GAAG,EAAE,CAAC;YAC/B,QAAQ,CAAC,MAAM,CAAC,GAAG,CAAC,CAAC,IAAI,CAAC;gBACxB,OAAO,EAAE,IAAI;gBACb,SAAS,EAAE,kBAAkB;gBAC7B,OAAO,EAAE,KAAK;aACf,CAAC,CAAA;SACH;QAAC,OAAO,KAAK,EAAE;YACd,QAAQ,CAAC,MAAM,CAAC,GAAG,CAAC,CAAC,IAAI,CAAC;gBACxB,OAAO,EAAE,KAAK;gBACd,SAAS,EAAE,8BAA8B;aAC1C,CAAC,CAAA;SACH;IACH,CAAC;CACF;AApCD,kCAoCC","sourcesContent":["import type { HttpContextContract } from '@ioc:Adonis/Core/HttpContext'\nimport Role from 'App/Models/Role';\n\nexport default class RolesController {\n  public async createRole({request,response}: HttpContextContract){\n    const {name} = request.all();\n    try {\n      const role = new Role();\n      role.name = name;\n      role.state = true;\n      await role.save();\n      response.status(200).json({\n        \"status\": true,\n        \"message\": \"Rol creado con exito\",\n        \"role\": role\n      })\n    } catch (error) {\n      response.status(400).json({\n        \"status\": false,\n        \"message\": \"No se pudo crear el rol\",\n      })\n    }\n  }\n\n  public async getRoles({response}: HttpContextContract){\n    try {\n      const roles = await Role.all();\n      response.status(200).json({\n        \"state\": true,\n        \"message\": \"Listado de roles\",\n        \"roles\": roles\n      })\n    } catch (error) {\n      response.status(400).json({\n        \"state\": false,\n        \"message\": \"Fallo en el listado de roles\"\n      })\n    }\n  }\n}\n"]},"_coverageSchema":"1a1c01bbd47fc00a2c39e90264f33305004495a9","hash":"c9c79a6c8bb22e76aca341211bd235f93877f759","contentHash":"22af3e0ecf332d9fac92dcb7ba9f20f3fcabeba60ad3a859ea717fa7d56807f4"},"/home/sebas/Documents/Backend-Bootcamp/proyecto_final/app/Controllers/Http/TypeDocumentsController.ts":{"path":"/home/sebas/Documents/Backend-Bootcamp/proyecto_final/app/Controllers/Http/TypeDocumentsController.ts","statementMap":{"0":{"start":{"line":2,"column":22},"end":{"line":4,"column":1}},"1":{"start":{"line":3,"column":4},"end":{"line":3,"column":62}},"2":{"start":{"line":5,"column":0},"end":{"line":5,"column":62}},"3":{"start":{"line":6,"column":23},"end":{"line":6,"column":96}},"4":{"start":{"line":9,"column":30},"end":{"line":9,"column":64}},"5":{"start":{"line":10,"column":8},"end":{"line":13,"column":11}},"6":{"start":{"line":16,"column":8},"end":{"line":33,"column":9}},"7":{"start":{"line":17,"column":29},"end":{"line":17,"column":42}},"8":{"start":{"line":18,"column":33},"end":{"line":18,"column":61}},"9":{"start":{"line":19,"column":12},"end":{"line":19,"column":37}},"10":{"start":{"line":20,"column":12},"end":{"line":20,"column":38}},"11":{"start":{"line":21,"column":12},"end":{"line":21,"column":38}},"12":{"start":{"line":22,"column":12},"end":{"line":26,"column":15}},"13":{"start":{"line":29,"column":12},"end":{"line":32,"column":15}},"14":{"start":{"line":36,"column":0},"end":{"line":36,"column":42}}},"fnMap":{"0":{"name":"(anonymous_0)","decl":{"start":{"line":2,"column":56},"end":{"line":2,"column":57}},"loc":{"start":{"line":2,"column":71},"end":{"line":4,"column":1}},"line":2},"1":{"name":"(anonymous_1)","decl":{"start":{"line":8,"column":4},"end":{"line":8,"column":5}},"loc":{"start":{"line":8,"column":41},"end":{"line":14,"column":5}},"line":8},"2":{"name":"(anonymous_2)","decl":{"start":{"line":15,"column":4},"end":{"line":15,"column":5}},"loc":{"start":{"line":15,"column":52},"end":{"line":34,"column":5}},"line":15}},"branchMap":{"0":{"loc":{"start":{"line":2,"column":22},"end":{"line":4,"column":1}},"type":"binary-expr","locations":[{"start":{"line":2,"column":23},"end":{"line":2,"column":27}},{"start":{"line":2,"column":31},"end":{"line":2,"column":51}},{"start":{"line":2,"column":56},"end":{"line":4,"column":1}}],"line":2},"1":{"loc":{"start":{"line":3,"column":11},"end":{"line":3,"column":61}},"type":"cond-expr","locations":[{"start":{"line":3,"column":37},"end":{"line":3,"column":40}},{"start":{"line":3,"column":43},"end":{"line":3,"column":61}}],"line":3},"2":{"loc":{"start":{"line":3,"column":12},"end":{"line":3,"column":33}},"type":"binary-expr","locations":[{"start":{"line":3,"column":12},"end":{"line":3,"column":15}},{"start":{"line":3,"column":19},"end":{"line":3,"column":33}}],"line":3}},"s":{"0":1,"1":1,"2":1,"3":1,"4":1,"5":1,"6":1,"7":1,"8":1,"9":1,"10":1,"11":1,"12":0,"13":1,"14":1},"f":{"0":1,"1":1,"2":1},"b":{"0":[1,1,1],"1":[1,0],"2":[1,1]},"inputSourceMap":{"version":3,"file":"TypeDocumentsController.js","sourceRoot":"","sources":["TypeDocumentsController.ts"],"names":[],"mappings":";;;;;AACA,iGAAmD;AAEnD,MAAqB,uBAAuB;IACjC,KAAK,CAAC,gBAAgB,CAAC,EAAC,QAAQ,EAAsB;QAC3D,MAAM,aAAa,GAAG,MAAM,sBAAY,CAAC,GAAG,EAAE,CAAC;QAC/C,QAAQ,CAAC,MAAM,CAAC,GAAG,CAAC,CAAC,IAAI,CAAC;YACxB,QAAQ,EAAE,IAAI;YACd,OAAO,EAAE,aAAa;SACvB,CAAC,CAAA;IACJ,CAAC;IAEM,KAAK,CAAC,kBAAkB,CAAC,EAAC,OAAO,EAAE,QAAQ,EAAsB;QACtE,IAAI;YACF,MAAM,EAAC,IAAI,EAAC,GAAG,OAAO,CAAC,GAAG,EAAE,CAAC;YAC7B,MAAM,YAAY,GAAG,IAAI,sBAAY,EAAE,CAAC;YACxC,YAAY,CAAC,IAAI,GAAG,IAAI,CAAC;YACzB,YAAY,CAAC,KAAK,GAAG,IAAI,CAAC;YAC1B,MAAM,YAAY,CAAC,IAAI,EAAE,CAAC;YAC1B,QAAQ,CAAC,MAAM,CAAC,GAAG,CAAC,CAAC,IAAI,CAAC;gBACxB,QAAQ,EAAE,IAAI;gBACd,SAAS,EAAE,oCAAoC;gBAC/C,cAAc,EAAE,YAAY;aAC7B,CAAC,CAAA;SACH;QAAC,OAAO,KAAK,EAAE;YACd,QAAQ,CAAC,MAAM,CAAC,GAAG,CAAC,CAAC,IAAI,CAAC;gBACxB,QAAQ,EAAE,KAAK;gBACf,SAAS,EAAE,uCAAuC;aACnD,CAAC,CAAA;SAEH;IACH,CAAC;CACJ;AA7BD,0CA6BC","sourcesContent":["import type { HttpContextContract } from '@ioc:Adonis/Core/HttpContext'\nimport TypeDocument from 'App/Models/TypeDocument';\n\nexport default class TypeDocumentsController {\n    public async getTypeDocuments({response}: HttpContextContract){\n      const typeDocuments = await TypeDocument.all();\n      response.status(200).json({\n        \"status\": true,\n        \"types\": typeDocuments\n      }) \n    }\n\n    public async createTypeDocument({request, response}: HttpContextContract){\n      try {\n        const {name} = request.all();\n        const typeDocument = new TypeDocument();\n        typeDocument.name = name;\n        typeDocument.state = true;\n        await typeDocument.save();\n        response.status(200).json({\n          \"status\": true,\n          \"message\": \"Tipo de documento creado con exito\",\n          \"typeDocument\": typeDocument\n        })\n      } catch (error) {\n        response.status(400).json({\n          \"status\": false,\n          \"message\": \"No se pudo crear el tipo de documento\",\n        })\n        \n      }\n    }\n}\n"]},"_coverageSchema":"1a1c01bbd47fc00a2c39e90264f33305004495a9","hash":"e5e0419d42f1863d6d0a12b416e5fae27f39cb95","contentHash":"b7b131a76c2478032add642842e7ffb45cadc80060e9f8c923ac7a643fa22a09"}}